#-----------------------------------------------------------
# Vivado v2018.3 (64-bit)
# SW Build 2405991 on Thu Dec  6 23:36:41 MST 2018
# IP Build 2404404 on Fri Dec  7 01:43:56 MST 2018
# Start of session at: Sun May 19 11:23:40 2019
# Process ID: 44378
# Current directory: /curr/dzonilakoni/research_helpers
# Command line: vivado
# Log file: /curr/dzonilakoni/research_helpers/vivado.log
# Journal file: /curr/dzonilakoni/research_helpers/vivado.jou
#-----------------------------------------------------------
start_gui
create_project coupler_8 /curr/dzonilakoni/research_helpers/coupler_8 -part xcvu9p-fsgd2104-2L-e
INFO: [IP_Flow 19-234] Refreshing IP repositories
INFO: [IP_Flow 19-1704] No user IP repositories specified
INFO: [IP_Flow 19-2313] Loaded Vivado IP repository '/opt/tools/xilinx/Vivado/2018.3/data/ip'.
create_project: Time (s): cpu = 00:00:30 ; elapsed = 00:00:17 . Memory (MB): peak = 6657.598 ; gain = 18.008 ; free physical = 59277 ; free virtual = 59680
set_property board_part xilinx.com:vcu1525:part0:1.2 [current_project]
add_files -norecurse {/curr/dzonilakoni/research_helpers/verilog/COUPLER_256.v /curr/dzonilakoni/research_helpers/verilog/FIFO.v}
add_files -fileset constrs_1 -norecurse /curr/dzonilakoni/constraints.xdc
update_compile_order -fileset sources_1
update_compile_order -fileset sources_1
set_property -name {STEPS.SYNTH_DESIGN.ARGS.MORE OPTIONS} -value {-mode out_of_context} -objects [get_runs synth_1]
launch_runs impl_1 -jobs 28
[Sun May 19 11:43:46 2019] Launched synth_1...
Run output will be captured here: /curr/dzonilakoni/research_helpers/coupler_8/coupler_8.runs/synth_1/runme.log
[Sun May 19 11:43:46 2019] Launched impl_1...
Run output will be captured here: /curr/dzonilakoni/research_helpers/coupler_8/coupler_8.runs/impl_1/runme.log
exit
INFO: [Common 17-206] Exiting Vivado at Sun May 19 11:59:07 2019...
