
*** Running vivado
    with args -log COUPLER.vds -m64 -product Vivado -mode batch -messageDb vivado.pb -notrace -source COUPLER.tcl


****** Vivado v2018.3 (64-bit)
  **** SW Build 2405991 on Thu Dec  6 23:36:41 MST 2018
  **** IP Build 2404404 on Fri Dec  7 01:43:56 MST 2018
    ** Copyright 1986-2018 Xilinx, Inc. All Rights Reserved.

source COUPLER.tcl -notrace
Command: synth_design -top COUPLER -part xcvu9p-fsgd2104-2L-e -mode out_of_context
Starting synth_design
Attempting to get a license for feature 'Synthesis' and/or device 'xcvu9p'
INFO: [Common 17-349] Got license for feature 'Synthesis' and/or device 'xcvu9p'
INFO: [Common 17-1540] The version limit for your license is '2018.12' and has expired for new software. A version limit expiration means that, although you may be able to continue to use the current version of tools or IP with this license, you will not be eligible for any updates or new releases.
INFO: Launching helper process for spawning children vivado processes
INFO: Helper process launched with PID 48285 
---------------------------------------------------------------------------------
Starting RTL Elaboration : Time (s): cpu = 00:00:02 ; elapsed = 00:00:03 . Memory (MB): peak = 1458.113 ; gain = 43.000 ; free physical = 56704 ; free virtual = 57110
---------------------------------------------------------------------------------
INFO: [Synth 8-6157] synthesizing module 'COUPLER' [/curr/dzonilakoni/research_helpers/verilog/COUPLER_256.v:3]
	Parameter P_WIDTH bound to: 256 - type: integer 
INFO: [Synth 8-6157] synthesizing module 'IFIFO16' [/curr/dzonilakoni/research_helpers/verilog/FIFO.v:23]
	Parameter P_WIDTH bound to: 256 - type: integer 
INFO: [Synth 8-6157] synthesizing module 'shift_right_logical_16E' [/curr/dzonilakoni/research_helpers/verilog/FIFO.v:3]
	Parameter INIT bound to: 16'b0000000000000000 
INFO: [Synth 8-6155] done synthesizing module 'shift_right_logical_16E' (1#1) [/curr/dzonilakoni/research_helpers/verilog/FIFO.v:3]
INFO: [Synth 8-6155] done synthesizing module 'IFIFO16' (2#1) [/curr/dzonilakoni/research_helpers/verilog/FIFO.v:23]
INFO: [Synth 8-6157] synthesizing module 'IFIFO16__parameterized0' [/curr/dzonilakoni/research_helpers/verilog/FIFO.v:23]
	Parameter P_WIDTH bound to: 512 - type: integer 
INFO: [Synth 8-6155] done synthesizing module 'IFIFO16__parameterized0' (2#1) [/curr/dzonilakoni/research_helpers/verilog/FIFO.v:23]
INFO: [Synth 8-6155] done synthesizing module 'COUPLER' (3#1) [/curr/dzonilakoni/research_helpers/verilog/COUPLER_256.v:3]
---------------------------------------------------------------------------------
Finished RTL Elaboration : Time (s): cpu = 00:00:04 ; elapsed = 00:00:05 . Memory (MB): peak = 1505.863 ; gain = 90.750 ; free physical = 56702 ; free virtual = 57109
---------------------------------------------------------------------------------

Report Check Netlist: 
+------+------------------+-------+---------+-------+------------------+
|      |Item              |Errors |Warnings |Status |Description       |
+------+------------------+-------+---------+-------+------------------+
|1     |multi_driven_nets |      0|        0|Passed |Multi driven nets |
+------+------------------+-------+---------+-------+------------------+
---------------------------------------------------------------------------------
Start Handling Custom Attributes
---------------------------------------------------------------------------------
---------------------------------------------------------------------------------
Finished Handling Custom Attributes : Time (s): cpu = 00:00:04 ; elapsed = 00:00:06 . Memory (MB): peak = 1505.863 ; gain = 90.750 ; free physical = 56703 ; free virtual = 57110
---------------------------------------------------------------------------------
---------------------------------------------------------------------------------
Finished RTL Optimization Phase 1 : Time (s): cpu = 00:00:04 ; elapsed = 00:00:06 . Memory (MB): peak = 1505.863 ; gain = 90.750 ; free physical = 56703 ; free virtual = 57110
---------------------------------------------------------------------------------
INFO: [Device 21-403] Loading part xcvu9p-fsgd2104-2L-e
INFO: [Project 1-570] Preparing netlist for logic optimization

Processing XDC Constraints
Initializing timing engine
Parsing XDC File [/curr/dzonilakoni/constraints.xdc]
Finished Parsing XDC File [/curr/dzonilakoni/constraints.xdc]
Completed Processing XDC Constraints

Netlist sorting complete. Time (s): cpu = 00:00:00.01 ; elapsed = 00:00:00.01 . Memory (MB): peak = 2537.059 ; gain = 0.000 ; free physical = 55740 ; free virtual = 56145
INFO: [Project 1-111] Unisim Transformation Summary:
No Unisim elements were transformed.

Netlist sorting complete. Time (s): cpu = 00:00:00 ; elapsed = 00:00:00 . Memory (MB): peak = 2539.059 ; gain = 0.000 ; free physical = 55974 ; free virtual = 56379
Constraint Validation Runtime : Time (s): cpu = 00:00:00.29 ; elapsed = 00:00:00.14 . Memory (MB): peak = 2540.059 ; gain = 3.000 ; free physical = 56075 ; free virtual = 56479
---------------------------------------------------------------------------------
Finished Constraint Validation : Time (s): cpu = 00:00:25 ; elapsed = 00:01:31 . Memory (MB): peak = 2540.059 ; gain = 1124.945 ; free physical = 55964 ; free virtual = 56368
---------------------------------------------------------------------------------
---------------------------------------------------------------------------------
Start Loading Part and Timing Information
---------------------------------------------------------------------------------
Loading part: xcvu9p-fsgd2104-2L-e
INFO: [Synth 8-6742] Reading net delay rules and data
---------------------------------------------------------------------------------
Finished Loading Part and Timing Information : Time (s): cpu = 00:00:25 ; elapsed = 00:01:31 . Memory (MB): peak = 2540.059 ; gain = 1124.945 ; free physical = 55963 ; free virtual = 56368
---------------------------------------------------------------------------------
---------------------------------------------------------------------------------
Start Applying 'set_property' XDC Constraints
---------------------------------------------------------------------------------
---------------------------------------------------------------------------------
Finished applying 'set_property' XDC Constraints : Time (s): cpu = 00:00:25 ; elapsed = 00:01:31 . Memory (MB): peak = 2540.059 ; gain = 1124.945 ; free physical = 55965 ; free virtual = 56369
---------------------------------------------------------------------------------
---------------------------------------------------------------------------------
Finished RTL Optimization Phase 2 : Time (s): cpu = 00:00:26 ; elapsed = 00:01:32 . Memory (MB): peak = 2540.059 ; gain = 1124.945 ; free physical = 55955 ; free virtual = 56360
---------------------------------------------------------------------------------

Report RTL Partitions: 
+-+--------------+------------+----------+
| |RTL Partition |Replication |Instances |
+-+--------------+------------+----------+
+-+--------------+------------+----------+
---------------------------------------------------------------------------------
Start RTL Component Statistics 
---------------------------------------------------------------------------------
Detailed RTL Component Info : 
+---Adders : 
	   4 Input      6 Bit       Adders := 2     
	   4 Input      4 Bit       Adders := 4     
+---Registers : 
	              256 Bit    Registers := 2     
	                4 Bit    Registers := 2     
	                1 Bit    Registers := 5     
+---Muxes : 
	   2 Input    256 Bit        Muxes := 1     
---------------------------------------------------------------------------------
Finished RTL Component Statistics 
---------------------------------------------------------------------------------
---------------------------------------------------------------------------------
Start RTL Hierarchical Component Statistics 
---------------------------------------------------------------------------------
Hierarchical RTL Component report 
Module COUPLER 
Detailed RTL Component Info : 
+---Registers : 
	              256 Bit    Registers := 2     
	                1 Bit    Registers := 3     
+---Muxes : 
	   2 Input    256 Bit        Muxes := 1     
Module IFIFO16 
Detailed RTL Component Info : 
+---Adders : 
	   4 Input      6 Bit       Adders := 1     
	   4 Input      4 Bit       Adders := 2     
+---Registers : 
	                4 Bit    Registers := 1     
	                1 Bit    Registers := 1     
Module IFIFO16__parameterized0 
Detailed RTL Component Info : 
+---Adders : 
	   4 Input      6 Bit       Adders := 1     
	   4 Input      4 Bit       Adders := 2     
+---Registers : 
	                4 Bit    Registers := 1     
	                1 Bit    Registers := 1     
---------------------------------------------------------------------------------
Finished RTL Hierarchical Component Statistics
---------------------------------------------------------------------------------
---------------------------------------------------------------------------------
Start Part Resource Summary
---------------------------------------------------------------------------------
Part Resources:
DSPs: 6840 (col length:120)
BRAMs: 4320 (col length: RAMB18 360 RAMB36 180)
---------------------------------------------------------------------------------
Finished Part Resource Summary
---------------------------------------------------------------------------------
---------------------------------------------------------------------------------
Start Cross Boundary and Area Optimization
---------------------------------------------------------------------------------
Warning: Parallel synthesis criteria is not met 
---------------------------------------------------------------------------------
Finished Cross Boundary and Area Optimization : Time (s): cpu = 00:00:27 ; elapsed = 00:01:33 . Memory (MB): peak = 2540.059 ; gain = 1124.945 ; free physical = 55925 ; free virtual = 56331
---------------------------------------------------------------------------------

Report RTL Partitions: 
+-+--------------+------------+----------+
| |RTL Partition |Replication |Instances |
+-+--------------+------------+----------+
+-+--------------+------------+----------+
---------------------------------------------------------------------------------
Start Applying XDC Timing Constraints
---------------------------------------------------------------------------------
---------------------------------------------------------------------------------
Finished Applying XDC Timing Constraints : Time (s): cpu = 00:00:50 ; elapsed = 00:02:37 . Memory (MB): peak = 2804.582 ; gain = 1389.469 ; free physical = 54455 ; free virtual = 54863
---------------------------------------------------------------------------------
---------------------------------------------------------------------------------
Start Timing Optimization
---------------------------------------------------------------------------------
---------------------------------------------------------------------------------
Finished Timing Optimization : Time (s): cpu = 00:00:51 ; elapsed = 00:02:37 . Memory (MB): peak = 2818.598 ; gain = 1403.484 ; free physical = 54451 ; free virtual = 54859
---------------------------------------------------------------------------------

Report RTL Partitions: 
+-+--------------+------------+----------+
| |RTL Partition |Replication |Instances |
+-+--------------+------------+----------+
+-+--------------+------------+----------+
---------------------------------------------------------------------------------
Start Technology Mapping
---------------------------------------------------------------------------------
---------------------------------------------------------------------------------
Finished Technology Mapping : Time (s): cpu = 00:00:52 ; elapsed = 00:02:38 . Memory (MB): peak = 2830.684 ; gain = 1415.570 ; free physical = 54447 ; free virtual = 54855
---------------------------------------------------------------------------------

Report RTL Partitions: 
+-+--------------+------------+----------+
| |RTL Partition |Replication |Instances |
+-+--------------+------------+----------+
+-+--------------+------------+----------+
---------------------------------------------------------------------------------
Start IO Insertion
---------------------------------------------------------------------------------
---------------------------------------------------------------------------------
Start Flattening Before IO Insertion
---------------------------------------------------------------------------------
---------------------------------------------------------------------------------
Finished Flattening Before IO Insertion
---------------------------------------------------------------------------------
---------------------------------------------------------------------------------
Start Final Netlist Cleanup
---------------------------------------------------------------------------------
---------------------------------------------------------------------------------
Finished Final Netlist Cleanup
---------------------------------------------------------------------------------
---------------------------------------------------------------------------------
Finished IO Insertion : Time (s): cpu = 00:00:52 ; elapsed = 00:02:39 . Memory (MB): peak = 2830.684 ; gain = 1415.570 ; free physical = 54450 ; free virtual = 54858
---------------------------------------------------------------------------------

Report Check Netlist: 
+------+------------------+-------+---------+-------+------------------+
|      |Item              |Errors |Warnings |Status |Description       |
+------+------------------+-------+---------+-------+------------------+
|1     |multi_driven_nets |      0|        0|Passed |Multi driven nets |
+------+------------------+-------+---------+-------+------------------+
---------------------------------------------------------------------------------
Start Renaming Generated Instances
---------------------------------------------------------------------------------
---------------------------------------------------------------------------------
Finished Renaming Generated Instances : Time (s): cpu = 00:00:52 ; elapsed = 00:02:39 . Memory (MB): peak = 2830.684 ; gain = 1415.570 ; free physical = 54450 ; free virtual = 54858
---------------------------------------------------------------------------------

Report RTL Partitions: 
+-+--------------+------------+----------+
| |RTL Partition |Replication |Instances |
+-+--------------+------------+----------+
+-+--------------+------------+----------+
---------------------------------------------------------------------------------
Start Rebuilding User Hierarchy
---------------------------------------------------------------------------------
---------------------------------------------------------------------------------
Finished Rebuilding User Hierarchy : Time (s): cpu = 00:00:53 ; elapsed = 00:02:39 . Memory (MB): peak = 2830.684 ; gain = 1415.570 ; free physical = 54449 ; free virtual = 54857
---------------------------------------------------------------------------------
---------------------------------------------------------------------------------
Start Renaming Generated Ports
---------------------------------------------------------------------------------
---------------------------------------------------------------------------------
Finished Renaming Generated Ports : Time (s): cpu = 00:00:53 ; elapsed = 00:02:39 . Memory (MB): peak = 2830.684 ; gain = 1415.570 ; free physical = 54449 ; free virtual = 54857
---------------------------------------------------------------------------------
---------------------------------------------------------------------------------
Start Handling Custom Attributes
---------------------------------------------------------------------------------
---------------------------------------------------------------------------------
Finished Handling Custom Attributes : Time (s): cpu = 00:00:53 ; elapsed = 00:02:39 . Memory (MB): peak = 2830.684 ; gain = 1415.570 ; free physical = 54449 ; free virtual = 54857
---------------------------------------------------------------------------------
---------------------------------------------------------------------------------
Start Renaming Generated Nets
---------------------------------------------------------------------------------
---------------------------------------------------------------------------------
Finished Renaming Generated Nets : Time (s): cpu = 00:00:53 ; elapsed = 00:02:39 . Memory (MB): peak = 2830.684 ; gain = 1415.570 ; free physical = 54449 ; free virtual = 54857
---------------------------------------------------------------------------------
---------------------------------------------------------------------------------
Start ROM, RAM, DSP and Shift Register Reporting
---------------------------------------------------------------------------------

Dynamic Shift Register Report:
+------------+----------+--------+------------+--------+---------+--------+--------+--------+
|Module Name | RTL Name | Length | Data Width | SRL16E | SRLC32E | Mux F7 | Mux F8 | Mux F9 | 
+------------+----------+--------+------------+--------+---------+--------+--------+--------+
|dsrl        | data_reg | 8      | 1          | 1      | 0       | 0      | 0      | 0      | 
+------------+----------+--------+------------+--------+---------+--------+--------+--------+

---------------------------------------------------------------------------------
Finished ROM, RAM, DSP and Shift Register Reporting
---------------------------------------------------------------------------------
---------------------------------------------------------------------------------
Start Writing Synthesis Report
---------------------------------------------------------------------------------

Report BlackBoxes: 
+-+--------------+----------+
| |BlackBox name |Instances |
+-+--------------+----------+
+-+--------------+----------+

Report Cell Usage: 
+------+-------+------+
|      |Cell   |Count |
+------+-------+------+
|1     |CARRY8 |    33|
|2     |LUT1   |     1|
|3     |LUT2   |     1|
|4     |LUT3   |   263|
|5     |LUT4   |     6|
|6     |LUT5   |    10|
|7     |LUT6   |     4|
|8     |SRL16E |   768|
|9     |FDRE   |   533|
|10    |FDSE   |     1|
+------+-------+------+

Report Instance Areas: 
+------+-----------------------+----------------------------+------+
|      |Instance               |Module                      |Cells |
+------+-----------------------+----------------------------+------+
|1     |top                    |                            |  1620|
|2     |  in_fifo              |IFIFO16                     |   283|
|3     |    \FIFO[0].fifo16    |shift_right_logical_16E_511 |     1|
|4     |    \FIFO[100].fifo16  |shift_right_logical_16E_512 |     1|
|5     |    \FIFO[101].fifo16  |shift_right_logical_16E_513 |     1|
|6     |    \FIFO[102].fifo16  |shift_right_logical_16E_514 |     1|
|7     |    \FIFO[103].fifo16  |shift_right_logical_16E_515 |     1|
|8     |    \FIFO[104].fifo16  |shift_right_logical_16E_516 |     1|
|9     |    \FIFO[105].fifo16  |shift_right_logical_16E_517 |     1|
|10    |    \FIFO[106].fifo16  |shift_right_logical_16E_518 |     1|
|11    |    \FIFO[107].fifo16  |shift_right_logical_16E_519 |     1|
|12    |    \FIFO[108].fifo16  |shift_right_logical_16E_520 |     1|
|13    |    \FIFO[109].fifo16  |shift_right_logical_16E_521 |     1|
|14    |    \FIFO[10].fifo16   |shift_right_logical_16E_522 |     1|
|15    |    \FIFO[110].fifo16  |shift_right_logical_16E_523 |     1|
|16    |    \FIFO[111].fifo16  |shift_right_logical_16E_524 |     1|
|17    |    \FIFO[112].fifo16  |shift_right_logical_16E_525 |     1|
|18    |    \FIFO[113].fifo16  |shift_right_logical_16E_526 |     1|
|19    |    \FIFO[114].fifo16  |shift_right_logical_16E_527 |     1|
|20    |    \FIFO[115].fifo16  |shift_right_logical_16E_528 |     1|
|21    |    \FIFO[116].fifo16  |shift_right_logical_16E_529 |     1|
|22    |    \FIFO[117].fifo16  |shift_right_logical_16E_530 |     1|
|23    |    \FIFO[118].fifo16  |shift_right_logical_16E_531 |     1|
|24    |    \FIFO[119].fifo16  |shift_right_logical_16E_532 |     1|
|25    |    \FIFO[11].fifo16   |shift_right_logical_16E_533 |     1|
|26    |    \FIFO[120].fifo16  |shift_right_logical_16E_534 |     1|
|27    |    \FIFO[121].fifo16  |shift_right_logical_16E_535 |     1|
|28    |    \FIFO[122].fifo16  |shift_right_logical_16E_536 |     1|
|29    |    \FIFO[123].fifo16  |shift_right_logical_16E_537 |     1|
|30    |    \FIFO[124].fifo16  |shift_right_logical_16E_538 |     1|
|31    |    \FIFO[125].fifo16  |shift_right_logical_16E_539 |     1|
|32    |    \FIFO[126].fifo16  |shift_right_logical_16E_540 |     1|
|33    |    \FIFO[127].fifo16  |shift_right_logical_16E_541 |     1|
|34    |    \FIFO[128].fifo16  |shift_right_logical_16E_542 |     1|
|35    |    \FIFO[129].fifo16  |shift_right_logical_16E_543 |     1|
|36    |    \FIFO[12].fifo16   |shift_right_logical_16E_544 |     1|
|37    |    \FIFO[130].fifo16  |shift_right_logical_16E_545 |     1|
|38    |    \FIFO[131].fifo16  |shift_right_logical_16E_546 |     1|
|39    |    \FIFO[132].fifo16  |shift_right_logical_16E_547 |     1|
|40    |    \FIFO[133].fifo16  |shift_right_logical_16E_548 |     1|
|41    |    \FIFO[134].fifo16  |shift_right_logical_16E_549 |     1|
|42    |    \FIFO[135].fifo16  |shift_right_logical_16E_550 |     1|
|43    |    \FIFO[136].fifo16  |shift_right_logical_16E_551 |     1|
|44    |    \FIFO[137].fifo16  |shift_right_logical_16E_552 |     1|
|45    |    \FIFO[138].fifo16  |shift_right_logical_16E_553 |     1|
|46    |    \FIFO[139].fifo16  |shift_right_logical_16E_554 |     1|
|47    |    \FIFO[13].fifo16   |shift_right_logical_16E_555 |     1|
|48    |    \FIFO[140].fifo16  |shift_right_logical_16E_556 |     1|
|49    |    \FIFO[141].fifo16  |shift_right_logical_16E_557 |     1|
|50    |    \FIFO[142].fifo16  |shift_right_logical_16E_558 |     1|
|51    |    \FIFO[143].fifo16  |shift_right_logical_16E_559 |     1|
|52    |    \FIFO[144].fifo16  |shift_right_logical_16E_560 |     1|
|53    |    \FIFO[145].fifo16  |shift_right_logical_16E_561 |     1|
|54    |    \FIFO[146].fifo16  |shift_right_logical_16E_562 |     1|
|55    |    \FIFO[147].fifo16  |shift_right_logical_16E_563 |     1|
|56    |    \FIFO[148].fifo16  |shift_right_logical_16E_564 |     1|
|57    |    \FIFO[149].fifo16  |shift_right_logical_16E_565 |     1|
|58    |    \FIFO[14].fifo16   |shift_right_logical_16E_566 |     1|
|59    |    \FIFO[150].fifo16  |shift_right_logical_16E_567 |     1|
|60    |    \FIFO[151].fifo16  |shift_right_logical_16E_568 |     1|
|61    |    \FIFO[152].fifo16  |shift_right_logical_16E_569 |     1|
|62    |    \FIFO[153].fifo16  |shift_right_logical_16E_570 |     1|
|63    |    \FIFO[154].fifo16  |shift_right_logical_16E_571 |     1|
|64    |    \FIFO[155].fifo16  |shift_right_logical_16E_572 |     1|
|65    |    \FIFO[156].fifo16  |shift_right_logical_16E_573 |     1|
|66    |    \FIFO[157].fifo16  |shift_right_logical_16E_574 |     1|
|67    |    \FIFO[158].fifo16  |shift_right_logical_16E_575 |     1|
|68    |    \FIFO[159].fifo16  |shift_right_logical_16E_576 |     1|
|69    |    \FIFO[15].fifo16   |shift_right_logical_16E_577 |     1|
|70    |    \FIFO[160].fifo16  |shift_right_logical_16E_578 |     1|
|71    |    \FIFO[161].fifo16  |shift_right_logical_16E_579 |     1|
|72    |    \FIFO[162].fifo16  |shift_right_logical_16E_580 |     1|
|73    |    \FIFO[163].fifo16  |shift_right_logical_16E_581 |     1|
|74    |    \FIFO[164].fifo16  |shift_right_logical_16E_582 |     1|
|75    |    \FIFO[165].fifo16  |shift_right_logical_16E_583 |     1|
|76    |    \FIFO[166].fifo16  |shift_right_logical_16E_584 |     1|
|77    |    \FIFO[167].fifo16  |shift_right_logical_16E_585 |     1|
|78    |    \FIFO[168].fifo16  |shift_right_logical_16E_586 |     1|
|79    |    \FIFO[169].fifo16  |shift_right_logical_16E_587 |     1|
|80    |    \FIFO[16].fifo16   |shift_right_logical_16E_588 |     1|
|81    |    \FIFO[170].fifo16  |shift_right_logical_16E_589 |     1|
|82    |    \FIFO[171].fifo16  |shift_right_logical_16E_590 |     1|
|83    |    \FIFO[172].fifo16  |shift_right_logical_16E_591 |     1|
|84    |    \FIFO[173].fifo16  |shift_right_logical_16E_592 |     1|
|85    |    \FIFO[174].fifo16  |shift_right_logical_16E_593 |     1|
|86    |    \FIFO[175].fifo16  |shift_right_logical_16E_594 |     1|
|87    |    \FIFO[176].fifo16  |shift_right_logical_16E_595 |     1|
|88    |    \FIFO[177].fifo16  |shift_right_logical_16E_596 |     1|
|89    |    \FIFO[178].fifo16  |shift_right_logical_16E_597 |     1|
|90    |    \FIFO[179].fifo16  |shift_right_logical_16E_598 |     1|
|91    |    \FIFO[17].fifo16   |shift_right_logical_16E_599 |     1|
|92    |    \FIFO[180].fifo16  |shift_right_logical_16E_600 |     1|
|93    |    \FIFO[181].fifo16  |shift_right_logical_16E_601 |     1|
|94    |    \FIFO[182].fifo16  |shift_right_logical_16E_602 |     1|
|95    |    \FIFO[183].fifo16  |shift_right_logical_16E_603 |     1|
|96    |    \FIFO[184].fifo16  |shift_right_logical_16E_604 |     1|
|97    |    \FIFO[185].fifo16  |shift_right_logical_16E_605 |     1|
|98    |    \FIFO[186].fifo16  |shift_right_logical_16E_606 |     1|
|99    |    \FIFO[187].fifo16  |shift_right_logical_16E_607 |     1|
|100   |    \FIFO[188].fifo16  |shift_right_logical_16E_608 |     1|
|101   |    \FIFO[189].fifo16  |shift_right_logical_16E_609 |     1|
|102   |    \FIFO[18].fifo16   |shift_right_logical_16E_610 |     1|
|103   |    \FIFO[190].fifo16  |shift_right_logical_16E_611 |     1|
|104   |    \FIFO[191].fifo16  |shift_right_logical_16E_612 |     1|
|105   |    \FIFO[192].fifo16  |shift_right_logical_16E_613 |     1|
|106   |    \FIFO[193].fifo16  |shift_right_logical_16E_614 |     1|
|107   |    \FIFO[194].fifo16  |shift_right_logical_16E_615 |     1|
|108   |    \FIFO[195].fifo16  |shift_right_logical_16E_616 |     1|
|109   |    \FIFO[196].fifo16  |shift_right_logical_16E_617 |     1|
|110   |    \FIFO[197].fifo16  |shift_right_logical_16E_618 |     1|
|111   |    \FIFO[198].fifo16  |shift_right_logical_16E_619 |     1|
|112   |    \FIFO[199].fifo16  |shift_right_logical_16E_620 |     1|
|113   |    \FIFO[19].fifo16   |shift_right_logical_16E_621 |     1|
|114   |    \FIFO[1].fifo16    |shift_right_logical_16E_622 |     1|
|115   |    \FIFO[200].fifo16  |shift_right_logical_16E_623 |     1|
|116   |    \FIFO[201].fifo16  |shift_right_logical_16E_624 |     1|
|117   |    \FIFO[202].fifo16  |shift_right_logical_16E_625 |     1|
|118   |    \FIFO[203].fifo16  |shift_right_logical_16E_626 |     1|
|119   |    \FIFO[204].fifo16  |shift_right_logical_16E_627 |     1|
|120   |    \FIFO[205].fifo16  |shift_right_logical_16E_628 |     1|
|121   |    \FIFO[206].fifo16  |shift_right_logical_16E_629 |     1|
|122   |    \FIFO[207].fifo16  |shift_right_logical_16E_630 |     1|
|123   |    \FIFO[208].fifo16  |shift_right_logical_16E_631 |     1|
|124   |    \FIFO[209].fifo16  |shift_right_logical_16E_632 |     1|
|125   |    \FIFO[20].fifo16   |shift_right_logical_16E_633 |     1|
|126   |    \FIFO[210].fifo16  |shift_right_logical_16E_634 |     1|
|127   |    \FIFO[211].fifo16  |shift_right_logical_16E_635 |     1|
|128   |    \FIFO[212].fifo16  |shift_right_logical_16E_636 |     1|
|129   |    \FIFO[213].fifo16  |shift_right_logical_16E_637 |     1|
|130   |    \FIFO[214].fifo16  |shift_right_logical_16E_638 |     1|
|131   |    \FIFO[215].fifo16  |shift_right_logical_16E_639 |     1|
|132   |    \FIFO[216].fifo16  |shift_right_logical_16E_640 |     1|
|133   |    \FIFO[217].fifo16  |shift_right_logical_16E_641 |     1|
|134   |    \FIFO[218].fifo16  |shift_right_logical_16E_642 |     1|
|135   |    \FIFO[219].fifo16  |shift_right_logical_16E_643 |     1|
|136   |    \FIFO[21].fifo16   |shift_right_logical_16E_644 |     1|
|137   |    \FIFO[220].fifo16  |shift_right_logical_16E_645 |     1|
|138   |    \FIFO[221].fifo16  |shift_right_logical_16E_646 |     1|
|139   |    \FIFO[222].fifo16  |shift_right_logical_16E_647 |     1|
|140   |    \FIFO[223].fifo16  |shift_right_logical_16E_648 |     1|
|141   |    \FIFO[224].fifo16  |shift_right_logical_16E_649 |     1|
|142   |    \FIFO[225].fifo16  |shift_right_logical_16E_650 |     1|
|143   |    \FIFO[226].fifo16  |shift_right_logical_16E_651 |     1|
|144   |    \FIFO[227].fifo16  |shift_right_logical_16E_652 |     1|
|145   |    \FIFO[228].fifo16  |shift_right_logical_16E_653 |     1|
|146   |    \FIFO[229].fifo16  |shift_right_logical_16E_654 |     1|
|147   |    \FIFO[22].fifo16   |shift_right_logical_16E_655 |     1|
|148   |    \FIFO[230].fifo16  |shift_right_logical_16E_656 |     1|
|149   |    \FIFO[231].fifo16  |shift_right_logical_16E_657 |     1|
|150   |    \FIFO[232].fifo16  |shift_right_logical_16E_658 |     1|
|151   |    \FIFO[233].fifo16  |shift_right_logical_16E_659 |     1|
|152   |    \FIFO[234].fifo16  |shift_right_logical_16E_660 |     1|
|153   |    \FIFO[235].fifo16  |shift_right_logical_16E_661 |     1|
|154   |    \FIFO[236].fifo16  |shift_right_logical_16E_662 |     1|
|155   |    \FIFO[237].fifo16  |shift_right_logical_16E_663 |     1|
|156   |    \FIFO[238].fifo16  |shift_right_logical_16E_664 |     1|
|157   |    \FIFO[239].fifo16  |shift_right_logical_16E_665 |     1|
|158   |    \FIFO[23].fifo16   |shift_right_logical_16E_666 |     1|
|159   |    \FIFO[240].fifo16  |shift_right_logical_16E_667 |     1|
|160   |    \FIFO[241].fifo16  |shift_right_logical_16E_668 |     1|
|161   |    \FIFO[242].fifo16  |shift_right_logical_16E_669 |     1|
|162   |    \FIFO[243].fifo16  |shift_right_logical_16E_670 |     1|
|163   |    \FIFO[244].fifo16  |shift_right_logical_16E_671 |     1|
|164   |    \FIFO[245].fifo16  |shift_right_logical_16E_672 |     1|
|165   |    \FIFO[246].fifo16  |shift_right_logical_16E_673 |     1|
|166   |    \FIFO[247].fifo16  |shift_right_logical_16E_674 |     1|
|167   |    \FIFO[248].fifo16  |shift_right_logical_16E_675 |     1|
|168   |    \FIFO[249].fifo16  |shift_right_logical_16E_676 |     1|
|169   |    \FIFO[24].fifo16   |shift_right_logical_16E_677 |     1|
|170   |    \FIFO[250].fifo16  |shift_right_logical_16E_678 |     1|
|171   |    \FIFO[251].fifo16  |shift_right_logical_16E_679 |     1|
|172   |    \FIFO[252].fifo16  |shift_right_logical_16E_680 |     1|
|173   |    \FIFO[253].fifo16  |shift_right_logical_16E_681 |     1|
|174   |    \FIFO[254].fifo16  |shift_right_logical_16E_682 |     1|
|175   |    \FIFO[255].fifo16  |shift_right_logical_16E_683 |     1|
|176   |    \FIFO[25].fifo16   |shift_right_logical_16E_684 |     1|
|177   |    \FIFO[26].fifo16   |shift_right_logical_16E_685 |     1|
|178   |    \FIFO[27].fifo16   |shift_right_logical_16E_686 |     1|
|179   |    \FIFO[28].fifo16   |shift_right_logical_16E_687 |     1|
|180   |    \FIFO[29].fifo16   |shift_right_logical_16E_688 |     1|
|181   |    \FIFO[2].fifo16    |shift_right_logical_16E_689 |     1|
|182   |    \FIFO[30].fifo16   |shift_right_logical_16E_690 |     1|
|183   |    \FIFO[31].fifo16   |shift_right_logical_16E_691 |     1|
|184   |    \FIFO[32].fifo16   |shift_right_logical_16E_692 |     1|
|185   |    \FIFO[33].fifo16   |shift_right_logical_16E_693 |     1|
|186   |    \FIFO[34].fifo16   |shift_right_logical_16E_694 |     1|
|187   |    \FIFO[35].fifo16   |shift_right_logical_16E_695 |     1|
|188   |    \FIFO[36].fifo16   |shift_right_logical_16E_696 |     1|
|189   |    \FIFO[37].fifo16   |shift_right_logical_16E_697 |     1|
|190   |    \FIFO[38].fifo16   |shift_right_logical_16E_698 |     1|
|191   |    \FIFO[39].fifo16   |shift_right_logical_16E_699 |     1|
|192   |    \FIFO[3].fifo16    |shift_right_logical_16E_700 |     1|
|193   |    \FIFO[40].fifo16   |shift_right_logical_16E_701 |     1|
|194   |    \FIFO[41].fifo16   |shift_right_logical_16E_702 |     1|
|195   |    \FIFO[42].fifo16   |shift_right_logical_16E_703 |     1|
|196   |    \FIFO[43].fifo16   |shift_right_logical_16E_704 |     1|
|197   |    \FIFO[44].fifo16   |shift_right_logical_16E_705 |     1|
|198   |    \FIFO[45].fifo16   |shift_right_logical_16E_706 |     1|
|199   |    \FIFO[46].fifo16   |shift_right_logical_16E_707 |     1|
|200   |    \FIFO[47].fifo16   |shift_right_logical_16E_708 |     1|
|201   |    \FIFO[48].fifo16   |shift_right_logical_16E_709 |     1|
|202   |    \FIFO[49].fifo16   |shift_right_logical_16E_710 |     1|
|203   |    \FIFO[4].fifo16    |shift_right_logical_16E_711 |     1|
|204   |    \FIFO[50].fifo16   |shift_right_logical_16E_712 |     1|
|205   |    \FIFO[51].fifo16   |shift_right_logical_16E_713 |     1|
|206   |    \FIFO[52].fifo16   |shift_right_logical_16E_714 |     1|
|207   |    \FIFO[53].fifo16   |shift_right_logical_16E_715 |     1|
|208   |    \FIFO[54].fifo16   |shift_right_logical_16E_716 |     1|
|209   |    \FIFO[55].fifo16   |shift_right_logical_16E_717 |     1|
|210   |    \FIFO[56].fifo16   |shift_right_logical_16E_718 |     1|
|211   |    \FIFO[57].fifo16   |shift_right_logical_16E_719 |     1|
|212   |    \FIFO[58].fifo16   |shift_right_logical_16E_720 |     1|
|213   |    \FIFO[59].fifo16   |shift_right_logical_16E_721 |     1|
|214   |    \FIFO[5].fifo16    |shift_right_logical_16E_722 |     1|
|215   |    \FIFO[60].fifo16   |shift_right_logical_16E_723 |     1|
|216   |    \FIFO[61].fifo16   |shift_right_logical_16E_724 |     1|
|217   |    \FIFO[62].fifo16   |shift_right_logical_16E_725 |     1|
|218   |    \FIFO[63].fifo16   |shift_right_logical_16E_726 |     1|
|219   |    \FIFO[64].fifo16   |shift_right_logical_16E_727 |     1|
|220   |    \FIFO[65].fifo16   |shift_right_logical_16E_728 |     1|
|221   |    \FIFO[66].fifo16   |shift_right_logical_16E_729 |     1|
|222   |    \FIFO[67].fifo16   |shift_right_logical_16E_730 |     1|
|223   |    \FIFO[68].fifo16   |shift_right_logical_16E_731 |     1|
|224   |    \FIFO[69].fifo16   |shift_right_logical_16E_732 |     1|
|225   |    \FIFO[6].fifo16    |shift_right_logical_16E_733 |     1|
|226   |    \FIFO[70].fifo16   |shift_right_logical_16E_734 |     1|
|227   |    \FIFO[71].fifo16   |shift_right_logical_16E_735 |     1|
|228   |    \FIFO[72].fifo16   |shift_right_logical_16E_736 |     1|
|229   |    \FIFO[73].fifo16   |shift_right_logical_16E_737 |     1|
|230   |    \FIFO[74].fifo16   |shift_right_logical_16E_738 |     1|
|231   |    \FIFO[75].fifo16   |shift_right_logical_16E_739 |     1|
|232   |    \FIFO[76].fifo16   |shift_right_logical_16E_740 |     1|
|233   |    \FIFO[77].fifo16   |shift_right_logical_16E_741 |     1|
|234   |    \FIFO[78].fifo16   |shift_right_logical_16E_742 |     1|
|235   |    \FIFO[79].fifo16   |shift_right_logical_16E_743 |     1|
|236   |    \FIFO[7].fifo16    |shift_right_logical_16E_744 |     1|
|237   |    \FIFO[80].fifo16   |shift_right_logical_16E_745 |     1|
|238   |    \FIFO[81].fifo16   |shift_right_logical_16E_746 |     1|
|239   |    \FIFO[82].fifo16   |shift_right_logical_16E_747 |     1|
|240   |    \FIFO[83].fifo16   |shift_right_logical_16E_748 |     1|
|241   |    \FIFO[84].fifo16   |shift_right_logical_16E_749 |     1|
|242   |    \FIFO[85].fifo16   |shift_right_logical_16E_750 |     1|
|243   |    \FIFO[86].fifo16   |shift_right_logical_16E_751 |     1|
|244   |    \FIFO[87].fifo16   |shift_right_logical_16E_752 |     1|
|245   |    \FIFO[88].fifo16   |shift_right_logical_16E_753 |     1|
|246   |    \FIFO[89].fifo16   |shift_right_logical_16E_754 |     1|
|247   |    \FIFO[8].fifo16    |shift_right_logical_16E_755 |     1|
|248   |    \FIFO[90].fifo16   |shift_right_logical_16E_756 |     1|
|249   |    \FIFO[91].fifo16   |shift_right_logical_16E_757 |     1|
|250   |    \FIFO[92].fifo16   |shift_right_logical_16E_758 |     1|
|251   |    \FIFO[93].fifo16   |shift_right_logical_16E_759 |     1|
|252   |    \FIFO[94].fifo16   |shift_right_logical_16E_760 |     1|
|253   |    \FIFO[95].fifo16   |shift_right_logical_16E_761 |     1|
|254   |    \FIFO[96].fifo16   |shift_right_logical_16E_762 |     1|
|255   |    \FIFO[97].fifo16   |shift_right_logical_16E_763 |     1|
|256   |    \FIFO[98].fifo16   |shift_right_logical_16E_764 |     1|
|257   |    \FIFO[99].fifo16   |shift_right_logical_16E_765 |     1|
|258   |    \FIFO[9].fifo16    |shift_right_logical_16E_766 |     1|
|259   |  out_fifo             |IFIFO16__parameterized0     |   532|
|260   |    \FIFO[0].fifo16    |shift_right_logical_16E     |     1|
|261   |    \FIFO[100].fifo16  |shift_right_logical_16E_0   |     1|
|262   |    \FIFO[101].fifo16  |shift_right_logical_16E_1   |     1|
|263   |    \FIFO[102].fifo16  |shift_right_logical_16E_2   |     1|
|264   |    \FIFO[103].fifo16  |shift_right_logical_16E_3   |     1|
|265   |    \FIFO[104].fifo16  |shift_right_logical_16E_4   |     1|
|266   |    \FIFO[105].fifo16  |shift_right_logical_16E_5   |     1|
|267   |    \FIFO[106].fifo16  |shift_right_logical_16E_6   |     1|
|268   |    \FIFO[107].fifo16  |shift_right_logical_16E_7   |     1|
|269   |    \FIFO[108].fifo16  |shift_right_logical_16E_8   |     1|
|270   |    \FIFO[109].fifo16  |shift_right_logical_16E_9   |     1|
|271   |    \FIFO[10].fifo16   |shift_right_logical_16E_10  |     1|
|272   |    \FIFO[110].fifo16  |shift_right_logical_16E_11  |     1|
|273   |    \FIFO[111].fifo16  |shift_right_logical_16E_12  |     1|
|274   |    \FIFO[112].fifo16  |shift_right_logical_16E_13  |     1|
|275   |    \FIFO[113].fifo16  |shift_right_logical_16E_14  |     1|
|276   |    \FIFO[114].fifo16  |shift_right_logical_16E_15  |     1|
|277   |    \FIFO[115].fifo16  |shift_right_logical_16E_16  |     1|
|278   |    \FIFO[116].fifo16  |shift_right_logical_16E_17  |     1|
|279   |    \FIFO[117].fifo16  |shift_right_logical_16E_18  |     1|
|280   |    \FIFO[118].fifo16  |shift_right_logical_16E_19  |     1|
|281   |    \FIFO[119].fifo16  |shift_right_logical_16E_20  |     1|
|282   |    \FIFO[11].fifo16   |shift_right_logical_16E_21  |     1|
|283   |    \FIFO[120].fifo16  |shift_right_logical_16E_22  |     1|
|284   |    \FIFO[121].fifo16  |shift_right_logical_16E_23  |     1|
|285   |    \FIFO[122].fifo16  |shift_right_logical_16E_24  |     1|
|286   |    \FIFO[123].fifo16  |shift_right_logical_16E_25  |     1|
|287   |    \FIFO[124].fifo16  |shift_right_logical_16E_26  |     1|
|288   |    \FIFO[125].fifo16  |shift_right_logical_16E_27  |     1|
|289   |    \FIFO[126].fifo16  |shift_right_logical_16E_28  |     1|
|290   |    \FIFO[127].fifo16  |shift_right_logical_16E_29  |     1|
|291   |    \FIFO[128].fifo16  |shift_right_logical_16E_30  |     1|
|292   |    \FIFO[129].fifo16  |shift_right_logical_16E_31  |     1|
|293   |    \FIFO[12].fifo16   |shift_right_logical_16E_32  |     1|
|294   |    \FIFO[130].fifo16  |shift_right_logical_16E_33  |     1|
|295   |    \FIFO[131].fifo16  |shift_right_logical_16E_34  |     1|
|296   |    \FIFO[132].fifo16  |shift_right_logical_16E_35  |     1|
|297   |    \FIFO[133].fifo16  |shift_right_logical_16E_36  |     1|
|298   |    \FIFO[134].fifo16  |shift_right_logical_16E_37  |     1|
|299   |    \FIFO[135].fifo16  |shift_right_logical_16E_38  |     1|
|300   |    \FIFO[136].fifo16  |shift_right_logical_16E_39  |     1|
|301   |    \FIFO[137].fifo16  |shift_right_logical_16E_40  |     1|
|302   |    \FIFO[138].fifo16  |shift_right_logical_16E_41  |     1|
|303   |    \FIFO[139].fifo16  |shift_right_logical_16E_42  |     1|
|304   |    \FIFO[13].fifo16   |shift_right_logical_16E_43  |     1|
|305   |    \FIFO[140].fifo16  |shift_right_logical_16E_44  |     1|
|306   |    \FIFO[141].fifo16  |shift_right_logical_16E_45  |     1|
|307   |    \FIFO[142].fifo16  |shift_right_logical_16E_46  |     1|
|308   |    \FIFO[143].fifo16  |shift_right_logical_16E_47  |     1|
|309   |    \FIFO[144].fifo16  |shift_right_logical_16E_48  |     1|
|310   |    \FIFO[145].fifo16  |shift_right_logical_16E_49  |     1|
|311   |    \FIFO[146].fifo16  |shift_right_logical_16E_50  |     1|
|312   |    \FIFO[147].fifo16  |shift_right_logical_16E_51  |     1|
|313   |    \FIFO[148].fifo16  |shift_right_logical_16E_52  |     1|
|314   |    \FIFO[149].fifo16  |shift_right_logical_16E_53  |     1|
|315   |    \FIFO[14].fifo16   |shift_right_logical_16E_54  |     1|
|316   |    \FIFO[150].fifo16  |shift_right_logical_16E_55  |     1|
|317   |    \FIFO[151].fifo16  |shift_right_logical_16E_56  |     1|
|318   |    \FIFO[152].fifo16  |shift_right_logical_16E_57  |     1|
|319   |    \FIFO[153].fifo16  |shift_right_logical_16E_58  |     1|
|320   |    \FIFO[154].fifo16  |shift_right_logical_16E_59  |     1|
|321   |    \FIFO[155].fifo16  |shift_right_logical_16E_60  |     1|
|322   |    \FIFO[156].fifo16  |shift_right_logical_16E_61  |     1|
|323   |    \FIFO[157].fifo16  |shift_right_logical_16E_62  |     1|
|324   |    \FIFO[158].fifo16  |shift_right_logical_16E_63  |     1|
|325   |    \FIFO[159].fifo16  |shift_right_logical_16E_64  |     1|
|326   |    \FIFO[15].fifo16   |shift_right_logical_16E_65  |     1|
|327   |    \FIFO[160].fifo16  |shift_right_logical_16E_66  |     1|
|328   |    \FIFO[161].fifo16  |shift_right_logical_16E_67  |     1|
|329   |    \FIFO[162].fifo16  |shift_right_logical_16E_68  |     1|
|330   |    \FIFO[163].fifo16  |shift_right_logical_16E_69  |     1|
|331   |    \FIFO[164].fifo16  |shift_right_logical_16E_70  |     1|
|332   |    \FIFO[165].fifo16  |shift_right_logical_16E_71  |     1|
|333   |    \FIFO[166].fifo16  |shift_right_logical_16E_72  |     1|
|334   |    \FIFO[167].fifo16  |shift_right_logical_16E_73  |     1|
|335   |    \FIFO[168].fifo16  |shift_right_logical_16E_74  |     1|
|336   |    \FIFO[169].fifo16  |shift_right_logical_16E_75  |     1|
|337   |    \FIFO[16].fifo16   |shift_right_logical_16E_76  |     1|
|338   |    \FIFO[170].fifo16  |shift_right_logical_16E_77  |     1|
|339   |    \FIFO[171].fifo16  |shift_right_logical_16E_78  |     1|
|340   |    \FIFO[172].fifo16  |shift_right_logical_16E_79  |     1|
|341   |    \FIFO[173].fifo16  |shift_right_logical_16E_80  |     1|
|342   |    \FIFO[174].fifo16  |shift_right_logical_16E_81  |     1|
|343   |    \FIFO[175].fifo16  |shift_right_logical_16E_82  |     1|
|344   |    \FIFO[176].fifo16  |shift_right_logical_16E_83  |     1|
|345   |    \FIFO[177].fifo16  |shift_right_logical_16E_84  |     1|
|346   |    \FIFO[178].fifo16  |shift_right_logical_16E_85  |     1|
|347   |    \FIFO[179].fifo16  |shift_right_logical_16E_86  |     1|
|348   |    \FIFO[17].fifo16   |shift_right_logical_16E_87  |     1|
|349   |    \FIFO[180].fifo16  |shift_right_logical_16E_88  |     1|
|350   |    \FIFO[181].fifo16  |shift_right_logical_16E_89  |     1|
|351   |    \FIFO[182].fifo16  |shift_right_logical_16E_90  |     1|
|352   |    \FIFO[183].fifo16  |shift_right_logical_16E_91  |     1|
|353   |    \FIFO[184].fifo16  |shift_right_logical_16E_92  |     1|
|354   |    \FIFO[185].fifo16  |shift_right_logical_16E_93  |     1|
|355   |    \FIFO[186].fifo16  |shift_right_logical_16E_94  |     1|
|356   |    \FIFO[187].fifo16  |shift_right_logical_16E_95  |     1|
|357   |    \FIFO[188].fifo16  |shift_right_logical_16E_96  |     1|
|358   |    \FIFO[189].fifo16  |shift_right_logical_16E_97  |     1|
|359   |    \FIFO[18].fifo16   |shift_right_logical_16E_98  |     1|
|360   |    \FIFO[190].fifo16  |shift_right_logical_16E_99  |     1|
|361   |    \FIFO[191].fifo16  |shift_right_logical_16E_100 |     1|
|362   |    \FIFO[192].fifo16  |shift_right_logical_16E_101 |     1|
|363   |    \FIFO[193].fifo16  |shift_right_logical_16E_102 |     1|
|364   |    \FIFO[194].fifo16  |shift_right_logical_16E_103 |     1|
|365   |    \FIFO[195].fifo16  |shift_right_logical_16E_104 |     1|
|366   |    \FIFO[196].fifo16  |shift_right_logical_16E_105 |     1|
|367   |    \FIFO[197].fifo16  |shift_right_logical_16E_106 |     1|
|368   |    \FIFO[198].fifo16  |shift_right_logical_16E_107 |     1|
|369   |    \FIFO[199].fifo16  |shift_right_logical_16E_108 |     1|
|370   |    \FIFO[19].fifo16   |shift_right_logical_16E_109 |     1|
|371   |    \FIFO[1].fifo16    |shift_right_logical_16E_110 |     1|
|372   |    \FIFO[200].fifo16  |shift_right_logical_16E_111 |     1|
|373   |    \FIFO[201].fifo16  |shift_right_logical_16E_112 |     1|
|374   |    \FIFO[202].fifo16  |shift_right_logical_16E_113 |     1|
|375   |    \FIFO[203].fifo16  |shift_right_logical_16E_114 |     1|
|376   |    \FIFO[204].fifo16  |shift_right_logical_16E_115 |     1|
|377   |    \FIFO[205].fifo16  |shift_right_logical_16E_116 |     1|
|378   |    \FIFO[206].fifo16  |shift_right_logical_16E_117 |     1|
|379   |    \FIFO[207].fifo16  |shift_right_logical_16E_118 |     1|
|380   |    \FIFO[208].fifo16  |shift_right_logical_16E_119 |     1|
|381   |    \FIFO[209].fifo16  |shift_right_logical_16E_120 |     1|
|382   |    \FIFO[20].fifo16   |shift_right_logical_16E_121 |     1|
|383   |    \FIFO[210].fifo16  |shift_right_logical_16E_122 |     1|
|384   |    \FIFO[211].fifo16  |shift_right_logical_16E_123 |     1|
|385   |    \FIFO[212].fifo16  |shift_right_logical_16E_124 |     1|
|386   |    \FIFO[213].fifo16  |shift_right_logical_16E_125 |     1|
|387   |    \FIFO[214].fifo16  |shift_right_logical_16E_126 |     1|
|388   |    \FIFO[215].fifo16  |shift_right_logical_16E_127 |     1|
|389   |    \FIFO[216].fifo16  |shift_right_logical_16E_128 |     1|
|390   |    \FIFO[217].fifo16  |shift_right_logical_16E_129 |     1|
|391   |    \FIFO[218].fifo16  |shift_right_logical_16E_130 |     1|
|392   |    \FIFO[219].fifo16  |shift_right_logical_16E_131 |     1|
|393   |    \FIFO[21].fifo16   |shift_right_logical_16E_132 |     1|
|394   |    \FIFO[220].fifo16  |shift_right_logical_16E_133 |     1|
|395   |    \FIFO[221].fifo16  |shift_right_logical_16E_134 |     1|
|396   |    \FIFO[222].fifo16  |shift_right_logical_16E_135 |     1|
|397   |    \FIFO[223].fifo16  |shift_right_logical_16E_136 |     1|
|398   |    \FIFO[224].fifo16  |shift_right_logical_16E_137 |     1|
|399   |    \FIFO[225].fifo16  |shift_right_logical_16E_138 |     1|
|400   |    \FIFO[226].fifo16  |shift_right_logical_16E_139 |     1|
|401   |    \FIFO[227].fifo16  |shift_right_logical_16E_140 |     1|
|402   |    \FIFO[228].fifo16  |shift_right_logical_16E_141 |     1|
|403   |    \FIFO[229].fifo16  |shift_right_logical_16E_142 |     1|
|404   |    \FIFO[22].fifo16   |shift_right_logical_16E_143 |     1|
|405   |    \FIFO[230].fifo16  |shift_right_logical_16E_144 |     1|
|406   |    \FIFO[231].fifo16  |shift_right_logical_16E_145 |     1|
|407   |    \FIFO[232].fifo16  |shift_right_logical_16E_146 |     1|
|408   |    \FIFO[233].fifo16  |shift_right_logical_16E_147 |     1|
|409   |    \FIFO[234].fifo16  |shift_right_logical_16E_148 |     1|
|410   |    \FIFO[235].fifo16  |shift_right_logical_16E_149 |     1|
|411   |    \FIFO[236].fifo16  |shift_right_logical_16E_150 |     1|
|412   |    \FIFO[237].fifo16  |shift_right_logical_16E_151 |     1|
|413   |    \FIFO[238].fifo16  |shift_right_logical_16E_152 |     1|
|414   |    \FIFO[239].fifo16  |shift_right_logical_16E_153 |     1|
|415   |    \FIFO[23].fifo16   |shift_right_logical_16E_154 |     1|
|416   |    \FIFO[240].fifo16  |shift_right_logical_16E_155 |     1|
|417   |    \FIFO[241].fifo16  |shift_right_logical_16E_156 |     1|
|418   |    \FIFO[242].fifo16  |shift_right_logical_16E_157 |     1|
|419   |    \FIFO[243].fifo16  |shift_right_logical_16E_158 |     1|
|420   |    \FIFO[244].fifo16  |shift_right_logical_16E_159 |     1|
|421   |    \FIFO[245].fifo16  |shift_right_logical_16E_160 |     1|
|422   |    \FIFO[246].fifo16  |shift_right_logical_16E_161 |     1|
|423   |    \FIFO[247].fifo16  |shift_right_logical_16E_162 |     1|
|424   |    \FIFO[248].fifo16  |shift_right_logical_16E_163 |     1|
|425   |    \FIFO[249].fifo16  |shift_right_logical_16E_164 |     1|
|426   |    \FIFO[24].fifo16   |shift_right_logical_16E_165 |     1|
|427   |    \FIFO[250].fifo16  |shift_right_logical_16E_166 |     1|
|428   |    \FIFO[251].fifo16  |shift_right_logical_16E_167 |     1|
|429   |    \FIFO[252].fifo16  |shift_right_logical_16E_168 |     1|
|430   |    \FIFO[253].fifo16  |shift_right_logical_16E_169 |     1|
|431   |    \FIFO[254].fifo16  |shift_right_logical_16E_170 |     1|
|432   |    \FIFO[255].fifo16  |shift_right_logical_16E_171 |     1|
|433   |    \FIFO[256].fifo16  |shift_right_logical_16E_172 |     1|
|434   |    \FIFO[257].fifo16  |shift_right_logical_16E_173 |     1|
|435   |    \FIFO[258].fifo16  |shift_right_logical_16E_174 |     1|
|436   |    \FIFO[259].fifo16  |shift_right_logical_16E_175 |     1|
|437   |    \FIFO[25].fifo16   |shift_right_logical_16E_176 |     1|
|438   |    \FIFO[260].fifo16  |shift_right_logical_16E_177 |     1|
|439   |    \FIFO[261].fifo16  |shift_right_logical_16E_178 |     1|
|440   |    \FIFO[262].fifo16  |shift_right_logical_16E_179 |     1|
|441   |    \FIFO[263].fifo16  |shift_right_logical_16E_180 |     1|
|442   |    \FIFO[264].fifo16  |shift_right_logical_16E_181 |     1|
|443   |    \FIFO[265].fifo16  |shift_right_logical_16E_182 |     1|
|444   |    \FIFO[266].fifo16  |shift_right_logical_16E_183 |     1|
|445   |    \FIFO[267].fifo16  |shift_right_logical_16E_184 |     1|
|446   |    \FIFO[268].fifo16  |shift_right_logical_16E_185 |     1|
|447   |    \FIFO[269].fifo16  |shift_right_logical_16E_186 |     1|
|448   |    \FIFO[26].fifo16   |shift_right_logical_16E_187 |     1|
|449   |    \FIFO[270].fifo16  |shift_right_logical_16E_188 |     1|
|450   |    \FIFO[271].fifo16  |shift_right_logical_16E_189 |     1|
|451   |    \FIFO[272].fifo16  |shift_right_logical_16E_190 |     1|
|452   |    \FIFO[273].fifo16  |shift_right_logical_16E_191 |     1|
|453   |    \FIFO[274].fifo16  |shift_right_logical_16E_192 |     1|
|454   |    \FIFO[275].fifo16  |shift_right_logical_16E_193 |     1|
|455   |    \FIFO[276].fifo16  |shift_right_logical_16E_194 |     1|
|456   |    \FIFO[277].fifo16  |shift_right_logical_16E_195 |     1|
|457   |    \FIFO[278].fifo16  |shift_right_logical_16E_196 |     1|
|458   |    \FIFO[279].fifo16  |shift_right_logical_16E_197 |     1|
|459   |    \FIFO[27].fifo16   |shift_right_logical_16E_198 |     1|
|460   |    \FIFO[280].fifo16  |shift_right_logical_16E_199 |     1|
|461   |    \FIFO[281].fifo16  |shift_right_logical_16E_200 |     1|
|462   |    \FIFO[282].fifo16  |shift_right_logical_16E_201 |     1|
|463   |    \FIFO[283].fifo16  |shift_right_logical_16E_202 |     1|
|464   |    \FIFO[284].fifo16  |shift_right_logical_16E_203 |     1|
|465   |    \FIFO[285].fifo16  |shift_right_logical_16E_204 |     1|
|466   |    \FIFO[286].fifo16  |shift_right_logical_16E_205 |     1|
|467   |    \FIFO[287].fifo16  |shift_right_logical_16E_206 |     1|
|468   |    \FIFO[288].fifo16  |shift_right_logical_16E_207 |     1|
|469   |    \FIFO[289].fifo16  |shift_right_logical_16E_208 |     1|
|470   |    \FIFO[28].fifo16   |shift_right_logical_16E_209 |     1|
|471   |    \FIFO[290].fifo16  |shift_right_logical_16E_210 |     1|
|472   |    \FIFO[291].fifo16  |shift_right_logical_16E_211 |     1|
|473   |    \FIFO[292].fifo16  |shift_right_logical_16E_212 |     1|
|474   |    \FIFO[293].fifo16  |shift_right_logical_16E_213 |     1|
|475   |    \FIFO[294].fifo16  |shift_right_logical_16E_214 |     1|
|476   |    \FIFO[295].fifo16  |shift_right_logical_16E_215 |     1|
|477   |    \FIFO[296].fifo16  |shift_right_logical_16E_216 |     1|
|478   |    \FIFO[297].fifo16  |shift_right_logical_16E_217 |     1|
|479   |    \FIFO[298].fifo16  |shift_right_logical_16E_218 |     1|
|480   |    \FIFO[299].fifo16  |shift_right_logical_16E_219 |     1|
|481   |    \FIFO[29].fifo16   |shift_right_logical_16E_220 |     1|
|482   |    \FIFO[2].fifo16    |shift_right_logical_16E_221 |     1|
|483   |    \FIFO[300].fifo16  |shift_right_logical_16E_222 |     1|
|484   |    \FIFO[301].fifo16  |shift_right_logical_16E_223 |     1|
|485   |    \FIFO[302].fifo16  |shift_right_logical_16E_224 |     1|
|486   |    \FIFO[303].fifo16  |shift_right_logical_16E_225 |     1|
|487   |    \FIFO[304].fifo16  |shift_right_logical_16E_226 |     1|
|488   |    \FIFO[305].fifo16  |shift_right_logical_16E_227 |     1|
|489   |    \FIFO[306].fifo16  |shift_right_logical_16E_228 |     1|
|490   |    \FIFO[307].fifo16  |shift_right_logical_16E_229 |     1|
|491   |    \FIFO[308].fifo16  |shift_right_logical_16E_230 |     1|
|492   |    \FIFO[309].fifo16  |shift_right_logical_16E_231 |     1|
|493   |    \FIFO[30].fifo16   |shift_right_logical_16E_232 |     1|
|494   |    \FIFO[310].fifo16  |shift_right_logical_16E_233 |     1|
|495   |    \FIFO[311].fifo16  |shift_right_logical_16E_234 |     1|
|496   |    \FIFO[312].fifo16  |shift_right_logical_16E_235 |     1|
|497   |    \FIFO[313].fifo16  |shift_right_logical_16E_236 |     1|
|498   |    \FIFO[314].fifo16  |shift_right_logical_16E_237 |     1|
|499   |    \FIFO[315].fifo16  |shift_right_logical_16E_238 |     1|
|500   |    \FIFO[316].fifo16  |shift_right_logical_16E_239 |     1|
|501   |    \FIFO[317].fifo16  |shift_right_logical_16E_240 |     1|
|502   |    \FIFO[318].fifo16  |shift_right_logical_16E_241 |     1|
|503   |    \FIFO[319].fifo16  |shift_right_logical_16E_242 |     1|
|504   |    \FIFO[31].fifo16   |shift_right_logical_16E_243 |     1|
|505   |    \FIFO[320].fifo16  |shift_right_logical_16E_244 |     1|
|506   |    \FIFO[321].fifo16  |shift_right_logical_16E_245 |     1|
|507   |    \FIFO[322].fifo16  |shift_right_logical_16E_246 |     1|
|508   |    \FIFO[323].fifo16  |shift_right_logical_16E_247 |     1|
|509   |    \FIFO[324].fifo16  |shift_right_logical_16E_248 |     1|
|510   |    \FIFO[325].fifo16  |shift_right_logical_16E_249 |     1|
|511   |    \FIFO[326].fifo16  |shift_right_logical_16E_250 |     1|
|512   |    \FIFO[327].fifo16  |shift_right_logical_16E_251 |     1|
|513   |    \FIFO[328].fifo16  |shift_right_logical_16E_252 |     1|
|514   |    \FIFO[329].fifo16  |shift_right_logical_16E_253 |     1|
|515   |    \FIFO[32].fifo16   |shift_right_logical_16E_254 |     1|
|516   |    \FIFO[330].fifo16  |shift_right_logical_16E_255 |     1|
|517   |    \FIFO[331].fifo16  |shift_right_logical_16E_256 |     1|
|518   |    \FIFO[332].fifo16  |shift_right_logical_16E_257 |     1|
|519   |    \FIFO[333].fifo16  |shift_right_logical_16E_258 |     1|
|520   |    \FIFO[334].fifo16  |shift_right_logical_16E_259 |     1|
|521   |    \FIFO[335].fifo16  |shift_right_logical_16E_260 |     1|
|522   |    \FIFO[336].fifo16  |shift_right_logical_16E_261 |     1|
|523   |    \FIFO[337].fifo16  |shift_right_logical_16E_262 |     1|
|524   |    \FIFO[338].fifo16  |shift_right_logical_16E_263 |     1|
|525   |    \FIFO[339].fifo16  |shift_right_logical_16E_264 |     1|
|526   |    \FIFO[33].fifo16   |shift_right_logical_16E_265 |     1|
|527   |    \FIFO[340].fifo16  |shift_right_logical_16E_266 |     1|
|528   |    \FIFO[341].fifo16  |shift_right_logical_16E_267 |     1|
|529   |    \FIFO[342].fifo16  |shift_right_logical_16E_268 |     1|
|530   |    \FIFO[343].fifo16  |shift_right_logical_16E_269 |     1|
|531   |    \FIFO[344].fifo16  |shift_right_logical_16E_270 |     1|
|532   |    \FIFO[345].fifo16  |shift_right_logical_16E_271 |     1|
|533   |    \FIFO[346].fifo16  |shift_right_logical_16E_272 |     1|
|534   |    \FIFO[347].fifo16  |shift_right_logical_16E_273 |     1|
|535   |    \FIFO[348].fifo16  |shift_right_logical_16E_274 |     1|
|536   |    \FIFO[349].fifo16  |shift_right_logical_16E_275 |     1|
|537   |    \FIFO[34].fifo16   |shift_right_logical_16E_276 |     1|
|538   |    \FIFO[350].fifo16  |shift_right_logical_16E_277 |     1|
|539   |    \FIFO[351].fifo16  |shift_right_logical_16E_278 |     1|
|540   |    \FIFO[352].fifo16  |shift_right_logical_16E_279 |     1|
|541   |    \FIFO[353].fifo16  |shift_right_logical_16E_280 |     1|
|542   |    \FIFO[354].fifo16  |shift_right_logical_16E_281 |     1|
|543   |    \FIFO[355].fifo16  |shift_right_logical_16E_282 |     1|
|544   |    \FIFO[356].fifo16  |shift_right_logical_16E_283 |     1|
|545   |    \FIFO[357].fifo16  |shift_right_logical_16E_284 |     1|
|546   |    \FIFO[358].fifo16  |shift_right_logical_16E_285 |     1|
|547   |    \FIFO[359].fifo16  |shift_right_logical_16E_286 |     1|
|548   |    \FIFO[35].fifo16   |shift_right_logical_16E_287 |     1|
|549   |    \FIFO[360].fifo16  |shift_right_logical_16E_288 |     1|
|550   |    \FIFO[361].fifo16  |shift_right_logical_16E_289 |     1|
|551   |    \FIFO[362].fifo16  |shift_right_logical_16E_290 |     1|
|552   |    \FIFO[363].fifo16  |shift_right_logical_16E_291 |     1|
|553   |    \FIFO[364].fifo16  |shift_right_logical_16E_292 |     1|
|554   |    \FIFO[365].fifo16  |shift_right_logical_16E_293 |     1|
|555   |    \FIFO[366].fifo16  |shift_right_logical_16E_294 |     1|
|556   |    \FIFO[367].fifo16  |shift_right_logical_16E_295 |     1|
|557   |    \FIFO[368].fifo16  |shift_right_logical_16E_296 |     1|
|558   |    \FIFO[369].fifo16  |shift_right_logical_16E_297 |     1|
|559   |    \FIFO[36].fifo16   |shift_right_logical_16E_298 |     1|
|560   |    \FIFO[370].fifo16  |shift_right_logical_16E_299 |     1|
|561   |    \FIFO[371].fifo16  |shift_right_logical_16E_300 |     1|
|562   |    \FIFO[372].fifo16  |shift_right_logical_16E_301 |     1|
|563   |    \FIFO[373].fifo16  |shift_right_logical_16E_302 |     1|
|564   |    \FIFO[374].fifo16  |shift_right_logical_16E_303 |     1|
|565   |    \FIFO[375].fifo16  |shift_right_logical_16E_304 |     1|
|566   |    \FIFO[376].fifo16  |shift_right_logical_16E_305 |     1|
|567   |    \FIFO[377].fifo16  |shift_right_logical_16E_306 |     1|
|568   |    \FIFO[378].fifo16  |shift_right_logical_16E_307 |     1|
|569   |    \FIFO[379].fifo16  |shift_right_logical_16E_308 |     1|
|570   |    \FIFO[37].fifo16   |shift_right_logical_16E_309 |     1|
|571   |    \FIFO[380].fifo16  |shift_right_logical_16E_310 |     1|
|572   |    \FIFO[381].fifo16  |shift_right_logical_16E_311 |     1|
|573   |    \FIFO[382].fifo16  |shift_right_logical_16E_312 |     1|
|574   |    \FIFO[383].fifo16  |shift_right_logical_16E_313 |     1|
|575   |    \FIFO[384].fifo16  |shift_right_logical_16E_314 |     1|
|576   |    \FIFO[385].fifo16  |shift_right_logical_16E_315 |     1|
|577   |    \FIFO[386].fifo16  |shift_right_logical_16E_316 |     1|
|578   |    \FIFO[387].fifo16  |shift_right_logical_16E_317 |     1|
|579   |    \FIFO[388].fifo16  |shift_right_logical_16E_318 |     1|
|580   |    \FIFO[389].fifo16  |shift_right_logical_16E_319 |     1|
|581   |    \FIFO[38].fifo16   |shift_right_logical_16E_320 |     1|
|582   |    \FIFO[390].fifo16  |shift_right_logical_16E_321 |     1|
|583   |    \FIFO[391].fifo16  |shift_right_logical_16E_322 |     1|
|584   |    \FIFO[392].fifo16  |shift_right_logical_16E_323 |     1|
|585   |    \FIFO[393].fifo16  |shift_right_logical_16E_324 |     1|
|586   |    \FIFO[394].fifo16  |shift_right_logical_16E_325 |     1|
|587   |    \FIFO[395].fifo16  |shift_right_logical_16E_326 |     1|
|588   |    \FIFO[396].fifo16  |shift_right_logical_16E_327 |     1|
|589   |    \FIFO[397].fifo16  |shift_right_logical_16E_328 |     1|
|590   |    \FIFO[398].fifo16  |shift_right_logical_16E_329 |     1|
|591   |    \FIFO[399].fifo16  |shift_right_logical_16E_330 |     1|
|592   |    \FIFO[39].fifo16   |shift_right_logical_16E_331 |     1|
|593   |    \FIFO[3].fifo16    |shift_right_logical_16E_332 |     1|
|594   |    \FIFO[400].fifo16  |shift_right_logical_16E_333 |     1|
|595   |    \FIFO[401].fifo16  |shift_right_logical_16E_334 |     1|
|596   |    \FIFO[402].fifo16  |shift_right_logical_16E_335 |     1|
|597   |    \FIFO[403].fifo16  |shift_right_logical_16E_336 |     1|
|598   |    \FIFO[404].fifo16  |shift_right_logical_16E_337 |     1|
|599   |    \FIFO[405].fifo16  |shift_right_logical_16E_338 |     1|
|600   |    \FIFO[406].fifo16  |shift_right_logical_16E_339 |     1|
|601   |    \FIFO[407].fifo16  |shift_right_logical_16E_340 |     1|
|602   |    \FIFO[408].fifo16  |shift_right_logical_16E_341 |     1|
|603   |    \FIFO[409].fifo16  |shift_right_logical_16E_342 |     1|
|604   |    \FIFO[40].fifo16   |shift_right_logical_16E_343 |     1|
|605   |    \FIFO[410].fifo16  |shift_right_logical_16E_344 |     1|
|606   |    \FIFO[411].fifo16  |shift_right_logical_16E_345 |     1|
|607   |    \FIFO[412].fifo16  |shift_right_logical_16E_346 |     1|
|608   |    \FIFO[413].fifo16  |shift_right_logical_16E_347 |     1|
|609   |    \FIFO[414].fifo16  |shift_right_logical_16E_348 |     1|
|610   |    \FIFO[415].fifo16  |shift_right_logical_16E_349 |     1|
|611   |    \FIFO[416].fifo16  |shift_right_logical_16E_350 |     1|
|612   |    \FIFO[417].fifo16  |shift_right_logical_16E_351 |     1|
|613   |    \FIFO[418].fifo16  |shift_right_logical_16E_352 |     1|
|614   |    \FIFO[419].fifo16  |shift_right_logical_16E_353 |     1|
|615   |    \FIFO[41].fifo16   |shift_right_logical_16E_354 |     1|
|616   |    \FIFO[420].fifo16  |shift_right_logical_16E_355 |     1|
|617   |    \FIFO[421].fifo16  |shift_right_logical_16E_356 |     1|
|618   |    \FIFO[422].fifo16  |shift_right_logical_16E_357 |     1|
|619   |    \FIFO[423].fifo16  |shift_right_logical_16E_358 |     1|
|620   |    \FIFO[424].fifo16  |shift_right_logical_16E_359 |     1|
|621   |    \FIFO[425].fifo16  |shift_right_logical_16E_360 |     1|
|622   |    \FIFO[426].fifo16  |shift_right_logical_16E_361 |     1|
|623   |    \FIFO[427].fifo16  |shift_right_logical_16E_362 |     1|
|624   |    \FIFO[428].fifo16  |shift_right_logical_16E_363 |     1|
|625   |    \FIFO[429].fifo16  |shift_right_logical_16E_364 |     1|
|626   |    \FIFO[42].fifo16   |shift_right_logical_16E_365 |     1|
|627   |    \FIFO[430].fifo16  |shift_right_logical_16E_366 |     1|
|628   |    \FIFO[431].fifo16  |shift_right_logical_16E_367 |     1|
|629   |    \FIFO[432].fifo16  |shift_right_logical_16E_368 |     1|
|630   |    \FIFO[433].fifo16  |shift_right_logical_16E_369 |     1|
|631   |    \FIFO[434].fifo16  |shift_right_logical_16E_370 |     1|
|632   |    \FIFO[435].fifo16  |shift_right_logical_16E_371 |     1|
|633   |    \FIFO[436].fifo16  |shift_right_logical_16E_372 |     1|
|634   |    \FIFO[437].fifo16  |shift_right_logical_16E_373 |     1|
|635   |    \FIFO[438].fifo16  |shift_right_logical_16E_374 |     1|
|636   |    \FIFO[439].fifo16  |shift_right_logical_16E_375 |     1|
|637   |    \FIFO[43].fifo16   |shift_right_logical_16E_376 |     1|
|638   |    \FIFO[440].fifo16  |shift_right_logical_16E_377 |     1|
|639   |    \FIFO[441].fifo16  |shift_right_logical_16E_378 |     1|
|640   |    \FIFO[442].fifo16  |shift_right_logical_16E_379 |     1|
|641   |    \FIFO[443].fifo16  |shift_right_logical_16E_380 |     1|
|642   |    \FIFO[444].fifo16  |shift_right_logical_16E_381 |     1|
|643   |    \FIFO[445].fifo16  |shift_right_logical_16E_382 |     1|
|644   |    \FIFO[446].fifo16  |shift_right_logical_16E_383 |     1|
|645   |    \FIFO[447].fifo16  |shift_right_logical_16E_384 |     1|
|646   |    \FIFO[448].fifo16  |shift_right_logical_16E_385 |     1|
|647   |    \FIFO[449].fifo16  |shift_right_logical_16E_386 |     1|
|648   |    \FIFO[44].fifo16   |shift_right_logical_16E_387 |     1|
|649   |    \FIFO[450].fifo16  |shift_right_logical_16E_388 |     1|
|650   |    \FIFO[451].fifo16  |shift_right_logical_16E_389 |     1|
|651   |    \FIFO[452].fifo16  |shift_right_logical_16E_390 |     1|
|652   |    \FIFO[453].fifo16  |shift_right_logical_16E_391 |     1|
|653   |    \FIFO[454].fifo16  |shift_right_logical_16E_392 |     1|
|654   |    \FIFO[455].fifo16  |shift_right_logical_16E_393 |     1|
|655   |    \FIFO[456].fifo16  |shift_right_logical_16E_394 |     1|
|656   |    \FIFO[457].fifo16  |shift_right_logical_16E_395 |     1|
|657   |    \FIFO[458].fifo16  |shift_right_logical_16E_396 |     1|
|658   |    \FIFO[459].fifo16  |shift_right_logical_16E_397 |     1|
|659   |    \FIFO[45].fifo16   |shift_right_logical_16E_398 |     1|
|660   |    \FIFO[460].fifo16  |shift_right_logical_16E_399 |     1|
|661   |    \FIFO[461].fifo16  |shift_right_logical_16E_400 |     1|
|662   |    \FIFO[462].fifo16  |shift_right_logical_16E_401 |     1|
|663   |    \FIFO[463].fifo16  |shift_right_logical_16E_402 |     1|
|664   |    \FIFO[464].fifo16  |shift_right_logical_16E_403 |     1|
|665   |    \FIFO[465].fifo16  |shift_right_logical_16E_404 |     1|
|666   |    \FIFO[466].fifo16  |shift_right_logical_16E_405 |     1|
|667   |    \FIFO[467].fifo16  |shift_right_logical_16E_406 |     1|
|668   |    \FIFO[468].fifo16  |shift_right_logical_16E_407 |     1|
|669   |    \FIFO[469].fifo16  |shift_right_logical_16E_408 |     1|
|670   |    \FIFO[46].fifo16   |shift_right_logical_16E_409 |     1|
|671   |    \FIFO[470].fifo16  |shift_right_logical_16E_410 |     1|
|672   |    \FIFO[471].fifo16  |shift_right_logical_16E_411 |     1|
|673   |    \FIFO[472].fifo16  |shift_right_logical_16E_412 |     1|
|674   |    \FIFO[473].fifo16  |shift_right_logical_16E_413 |     1|
|675   |    \FIFO[474].fifo16  |shift_right_logical_16E_414 |     1|
|676   |    \FIFO[475].fifo16  |shift_right_logical_16E_415 |     1|
|677   |    \FIFO[476].fifo16  |shift_right_logical_16E_416 |     1|
|678   |    \FIFO[477].fifo16  |shift_right_logical_16E_417 |     1|
|679   |    \FIFO[478].fifo16  |shift_right_logical_16E_418 |     1|
|680   |    \FIFO[479].fifo16  |shift_right_logical_16E_419 |     1|
|681   |    \FIFO[47].fifo16   |shift_right_logical_16E_420 |     1|
|682   |    \FIFO[480].fifo16  |shift_right_logical_16E_421 |     1|
|683   |    \FIFO[481].fifo16  |shift_right_logical_16E_422 |     1|
|684   |    \FIFO[482].fifo16  |shift_right_logical_16E_423 |     1|
|685   |    \FIFO[483].fifo16  |shift_right_logical_16E_424 |     1|
|686   |    \FIFO[484].fifo16  |shift_right_logical_16E_425 |     1|
|687   |    \FIFO[485].fifo16  |shift_right_logical_16E_426 |     1|
|688   |    \FIFO[486].fifo16  |shift_right_logical_16E_427 |     1|
|689   |    \FIFO[487].fifo16  |shift_right_logical_16E_428 |     1|
|690   |    \FIFO[488].fifo16  |shift_right_logical_16E_429 |     1|
|691   |    \FIFO[489].fifo16  |shift_right_logical_16E_430 |     1|
|692   |    \FIFO[48].fifo16   |shift_right_logical_16E_431 |     1|
|693   |    \FIFO[490].fifo16  |shift_right_logical_16E_432 |     1|
|694   |    \FIFO[491].fifo16  |shift_right_logical_16E_433 |     1|
|695   |    \FIFO[492].fifo16  |shift_right_logical_16E_434 |     1|
|696   |    \FIFO[493].fifo16  |shift_right_logical_16E_435 |     1|
|697   |    \FIFO[494].fifo16  |shift_right_logical_16E_436 |     1|
|698   |    \FIFO[495].fifo16  |shift_right_logical_16E_437 |     1|
|699   |    \FIFO[496].fifo16  |shift_right_logical_16E_438 |     1|
|700   |    \FIFO[497].fifo16  |shift_right_logical_16E_439 |     1|
|701   |    \FIFO[498].fifo16  |shift_right_logical_16E_440 |     1|
|702   |    \FIFO[499].fifo16  |shift_right_logical_16E_441 |     1|
|703   |    \FIFO[49].fifo16   |shift_right_logical_16E_442 |     1|
|704   |    \FIFO[4].fifo16    |shift_right_logical_16E_443 |     1|
|705   |    \FIFO[500].fifo16  |shift_right_logical_16E_444 |     1|
|706   |    \FIFO[501].fifo16  |shift_right_logical_16E_445 |     1|
|707   |    \FIFO[502].fifo16  |shift_right_logical_16E_446 |     1|
|708   |    \FIFO[503].fifo16  |shift_right_logical_16E_447 |     1|
|709   |    \FIFO[504].fifo16  |shift_right_logical_16E_448 |     1|
|710   |    \FIFO[505].fifo16  |shift_right_logical_16E_449 |     1|
|711   |    \FIFO[506].fifo16  |shift_right_logical_16E_450 |     1|
|712   |    \FIFO[507].fifo16  |shift_right_logical_16E_451 |     1|
|713   |    \FIFO[508].fifo16  |shift_right_logical_16E_452 |     1|
|714   |    \FIFO[509].fifo16  |shift_right_logical_16E_453 |     1|
|715   |    \FIFO[50].fifo16   |shift_right_logical_16E_454 |     1|
|716   |    \FIFO[510].fifo16  |shift_right_logical_16E_455 |     1|
|717   |    \FIFO[511].fifo16  |shift_right_logical_16E_456 |     1|
|718   |    \FIFO[51].fifo16   |shift_right_logical_16E_457 |     1|
|719   |    \FIFO[52].fifo16   |shift_right_logical_16E_458 |     1|
|720   |    \FIFO[53].fifo16   |shift_right_logical_16E_459 |     1|
|721   |    \FIFO[54].fifo16   |shift_right_logical_16E_460 |     1|
|722   |    \FIFO[55].fifo16   |shift_right_logical_16E_461 |     1|
|723   |    \FIFO[56].fifo16   |shift_right_logical_16E_462 |     1|
|724   |    \FIFO[57].fifo16   |shift_right_logical_16E_463 |     1|
|725   |    \FIFO[58].fifo16   |shift_right_logical_16E_464 |     1|
|726   |    \FIFO[59].fifo16   |shift_right_logical_16E_465 |     1|
|727   |    \FIFO[5].fifo16    |shift_right_logical_16E_466 |     1|
|728   |    \FIFO[60].fifo16   |shift_right_logical_16E_467 |     1|
|729   |    \FIFO[61].fifo16   |shift_right_logical_16E_468 |     1|
|730   |    \FIFO[62].fifo16   |shift_right_logical_16E_469 |     1|
|731   |    \FIFO[63].fifo16   |shift_right_logical_16E_470 |     1|
|732   |    \FIFO[64].fifo16   |shift_right_logical_16E_471 |     1|
|733   |    \FIFO[65].fifo16   |shift_right_logical_16E_472 |     1|
|734   |    \FIFO[66].fifo16   |shift_right_logical_16E_473 |     1|
|735   |    \FIFO[67].fifo16   |shift_right_logical_16E_474 |     1|
|736   |    \FIFO[68].fifo16   |shift_right_logical_16E_475 |     1|
|737   |    \FIFO[69].fifo16   |shift_right_logical_16E_476 |     1|
|738   |    \FIFO[6].fifo16    |shift_right_logical_16E_477 |     1|
|739   |    \FIFO[70].fifo16   |shift_right_logical_16E_478 |     1|
|740   |    \FIFO[71].fifo16   |shift_right_logical_16E_479 |     1|
|741   |    \FIFO[72].fifo16   |shift_right_logical_16E_480 |     1|
|742   |    \FIFO[73].fifo16   |shift_right_logical_16E_481 |     1|
|743   |    \FIFO[74].fifo16   |shift_right_logical_16E_482 |     1|
|744   |    \FIFO[75].fifo16   |shift_right_logical_16E_483 |     1|
|745   |    \FIFO[76].fifo16   |shift_right_logical_16E_484 |     1|
|746   |    \FIFO[77].fifo16   |shift_right_logical_16E_485 |     1|
|747   |    \FIFO[78].fifo16   |shift_right_logical_16E_486 |     1|
|748   |    \FIFO[79].fifo16   |shift_right_logical_16E_487 |     1|
|749   |    \FIFO[7].fifo16    |shift_right_logical_16E_488 |     1|
|750   |    \FIFO[80].fifo16   |shift_right_logical_16E_489 |     1|
|751   |    \FIFO[81].fifo16   |shift_right_logical_16E_490 |     1|
|752   |    \FIFO[82].fifo16   |shift_right_logical_16E_491 |     1|
|753   |    \FIFO[83].fifo16   |shift_right_logical_16E_492 |     1|
|754   |    \FIFO[84].fifo16   |shift_right_logical_16E_493 |     1|
|755   |    \FIFO[85].fifo16   |shift_right_logical_16E_494 |     1|
|756   |    \FIFO[86].fifo16   |shift_right_logical_16E_495 |     1|
|757   |    \FIFO[87].fifo16   |shift_right_logical_16E_496 |     1|
|758   |    \FIFO[88].fifo16   |shift_right_logical_16E_497 |     1|
|759   |    \FIFO[89].fifo16   |shift_right_logical_16E_498 |     1|
|760   |    \FIFO[8].fifo16    |shift_right_logical_16E_499 |     1|
|761   |    \FIFO[90].fifo16   |shift_right_logical_16E_500 |     1|
|762   |    \FIFO[91].fifo16   |shift_right_logical_16E_501 |     1|
|763   |    \FIFO[92].fifo16   |shift_right_logical_16E_502 |     1|
|764   |    \FIFO[93].fifo16   |shift_right_logical_16E_503 |     1|
|765   |    \FIFO[94].fifo16   |shift_right_logical_16E_504 |     1|
|766   |    \FIFO[95].fifo16   |shift_right_logical_16E_505 |     1|
|767   |    \FIFO[96].fifo16   |shift_right_logical_16E_506 |     1|
|768   |    \FIFO[97].fifo16   |shift_right_logical_16E_507 |     1|
|769   |    \FIFO[98].fifo16   |shift_right_logical_16E_508 |     1|
|770   |    \FIFO[99].fifo16   |shift_right_logical_16E_509 |     1|
|771   |    \FIFO[9].fifo16    |shift_right_logical_16E_510 |     1|
+------+-----------------------+----------------------------+------+
---------------------------------------------------------------------------------
Finished Writing Synthesis Report : Time (s): cpu = 00:00:53 ; elapsed = 00:02:40 . Memory (MB): peak = 2830.684 ; gain = 1415.570 ; free physical = 54449 ; free virtual = 54857
---------------------------------------------------------------------------------
Synthesis finished with 0 errors, 0 critical warnings and 0 warnings.
Synthesis Optimization Runtime : Time (s): cpu = 00:00:34 ; elapsed = 00:01:18 . Memory (MB): peak = 2830.684 ; gain = 381.375 ; free physical = 54477 ; free virtual = 54885
Synthesis Optimization Complete : Time (s): cpu = 00:00:53 ; elapsed = 00:02:40 . Memory (MB): peak = 2830.691 ; gain = 1415.570 ; free physical = 54487 ; free virtual = 54896
INFO: [Project 1-571] Translating synthesized netlist
INFO: [Netlist 29-17] Analyzing 33 Unisim elements for replacement
INFO: [Netlist 29-28] Unisim Transformation completed in 0 CPU seconds
INFO: [Project 1-570] Preparing netlist for logic optimization
INFO: [Opt 31-138] Pushed 0 inverter(s) to 0 load pin(s).
Netlist sorting complete. Time (s): cpu = 00:00:00 ; elapsed = 00:00:00 . Memory (MB): peak = 2914.168 ; gain = 0.000 ; free physical = 54381 ; free virtual = 54790
INFO: [Project 1-111] Unisim Transformation Summary:
No Unisim elements were transformed.

INFO: [Common 17-83] Releasing license: Synthesis
21 Infos, 0 Warnings, 0 Critical Warnings and 0 Errors encountered.
synth_design completed successfully
synth_design: Time (s): cpu = 00:00:57 ; elapsed = 00:03:24 . Memory (MB): peak = 2914.168 ; gain = 1543.016 ; free physical = 54439 ; free virtual = 54847
Netlist sorting complete. Time (s): cpu = 00:00:00 ; elapsed = 00:00:00.01 . Memory (MB): peak = 2914.168 ; gain = 0.000 ; free physical = 54439 ; free virtual = 54847
WARNING: [Constraints 18-5210] No constraints selected for write.
Resolution: This message can indicate that there are no constraints for the design, or it can indicate that the used_in flags are set such that the constraints are ignored. This later case is used when running synth_design to not write synthesis constraints to the resulting checkpoint. Instead, project constraints are read when the synthesized design is opened.
INFO: [Common 17-1381] The checkpoint '/curr/dzonilakoni/research_helpers/coupler_8/coupler_8.runs/synth_1/COUPLER.dcp' has been generated.
INFO: [runtcl-4] Executing : report_utilization -file COUPLER_utilization_synth.rpt -pb COUPLER_utilization_synth.pb
INFO: [Common 17-206] Exiting Vivado at Sun May 19 11:47:27 2019...
