Copyright 1986-2018 Xilinx, Inc. All Rights Reserved.
-----------------------------------------------------------------------------------------------------------------------------------------------------------
| Tool Version : Vivado v.2018.3 (lin64) Build 2405991 Thu Dec  6 23:36:41 MST 2018
| Date         : Sun May 19 11:51:33 2019
| Host         : u7-dzonilakoni running 64-bit Ubuntu 16.04.5 LTS
| Command      : report_methodology -file COUPLER_methodology_drc_routed.rpt -pb COUPLER_methodology_drc_routed.pb -rpx COUPLER_methodology_drc_routed.rpx
| Design       : COUPLER
| Device       : xcvu9p-fsgd2104-2L-e
| Speed File   : -2L
| Design State : Fully Routed
-----------------------------------------------------------------------------------------------------------------------------------------------------------

Report Methodology

Table of Contents
-----------------
1. REPORT SUMMARY
2. REPORT DETAILS

1. REPORT SUMMARY
-----------------
            Netlist: netlist
          Floorplan: design_1
      Design limits: <entire design considered>
             Max violations: <unlimited>
             Violations found: 196
+-----------+----------+-------------------------------+------------+
| Rule      | Severity | Description                   | Violations |
+-----------+----------+-------------------------------+------------+
| TIMING-18 | Warning  | Missing input or output delay | 196        |
+-----------+----------+-------------------------------+------------+

2. REPORT DETAILS
-----------------
TIMING-18#1 Warning
Missing input or output delay  
An input delay is missing on i_data[0] relative to clock(s) i_clk
Related violations: <none>

TIMING-18#2 Warning
Missing input or output delay  
An input delay is missing on i_data[10] relative to clock(s) i_clk
Related violations: <none>

TIMING-18#3 Warning
Missing input or output delay  
An input delay is missing on i_data[11] relative to clock(s) i_clk
Related violations: <none>

TIMING-18#4 Warning
Missing input or output delay  
An input delay is missing on i_data[12] relative to clock(s) i_clk
Related violations: <none>

TIMING-18#5 Warning
Missing input or output delay  
An input delay is missing on i_data[13] relative to clock(s) i_clk
Related violations: <none>

TIMING-18#6 Warning
Missing input or output delay  
An input delay is missing on i_data[14] relative to clock(s) i_clk
Related violations: <none>

TIMING-18#7 Warning
Missing input or output delay  
An input delay is missing on i_data[15] relative to clock(s) i_clk
Related violations: <none>

TIMING-18#8 Warning
Missing input or output delay  
An input delay is missing on i_data[16] relative to clock(s) i_clk
Related violations: <none>

TIMING-18#9 Warning
Missing input or output delay  
An input delay is missing on i_data[17] relative to clock(s) i_clk
Related violations: <none>

TIMING-18#10 Warning
Missing input or output delay  
An input delay is missing on i_data[18] relative to clock(s) i_clk
Related violations: <none>

TIMING-18#11 Warning
Missing input or output delay  
An input delay is missing on i_data[19] relative to clock(s) i_clk
Related violations: <none>

TIMING-18#12 Warning
Missing input or output delay  
An input delay is missing on i_data[1] relative to clock(s) i_clk
Related violations: <none>

TIMING-18#13 Warning
Missing input or output delay  
An input delay is missing on i_data[20] relative to clock(s) i_clk
Related violations: <none>

TIMING-18#14 Warning
Missing input or output delay  
An input delay is missing on i_data[21] relative to clock(s) i_clk
Related violations: <none>

TIMING-18#15 Warning
Missing input or output delay  
An input delay is missing on i_data[22] relative to clock(s) i_clk
Related violations: <none>

TIMING-18#16 Warning
Missing input or output delay  
An input delay is missing on i_data[23] relative to clock(s) i_clk
Related violations: <none>

TIMING-18#17 Warning
Missing input or output delay  
An input delay is missing on i_data[24] relative to clock(s) i_clk
Related violations: <none>

TIMING-18#18 Warning
Missing input or output delay  
An input delay is missing on i_data[25] relative to clock(s) i_clk
Related violations: <none>

TIMING-18#19 Warning
Missing input or output delay  
An input delay is missing on i_data[26] relative to clock(s) i_clk
Related violations: <none>

TIMING-18#20 Warning
Missing input or output delay  
An input delay is missing on i_data[27] relative to clock(s) i_clk
Related violations: <none>

TIMING-18#21 Warning
Missing input or output delay  
An input delay is missing on i_data[28] relative to clock(s) i_clk
Related violations: <none>

TIMING-18#22 Warning
Missing input or output delay  
An input delay is missing on i_data[29] relative to clock(s) i_clk
Related violations: <none>

TIMING-18#23 Warning
Missing input or output delay  
An input delay is missing on i_data[2] relative to clock(s) i_clk
Related violations: <none>

TIMING-18#24 Warning
Missing input or output delay  
An input delay is missing on i_data[30] relative to clock(s) i_clk
Related violations: <none>

TIMING-18#25 Warning
Missing input or output delay  
An input delay is missing on i_data[31] relative to clock(s) i_clk
Related violations: <none>

TIMING-18#26 Warning
Missing input or output delay  
An input delay is missing on i_data[32] relative to clock(s) i_clk
Related violations: <none>

TIMING-18#27 Warning
Missing input or output delay  
An input delay is missing on i_data[33] relative to clock(s) i_clk
Related violations: <none>

TIMING-18#28 Warning
Missing input or output delay  
An input delay is missing on i_data[34] relative to clock(s) i_clk
Related violations: <none>

TIMING-18#29 Warning
Missing input or output delay  
An input delay is missing on i_data[35] relative to clock(s) i_clk
Related violations: <none>

TIMING-18#30 Warning
Missing input or output delay  
An input delay is missing on i_data[36] relative to clock(s) i_clk
Related violations: <none>

TIMING-18#31 Warning
Missing input or output delay  
An input delay is missing on i_data[37] relative to clock(s) i_clk
Related violations: <none>

TIMING-18#32 Warning
Missing input or output delay  
An input delay is missing on i_data[38] relative to clock(s) i_clk
Related violations: <none>

TIMING-18#33 Warning
Missing input or output delay  
An input delay is missing on i_data[39] relative to clock(s) i_clk
Related violations: <none>

TIMING-18#34 Warning
Missing input or output delay  
An input delay is missing on i_data[3] relative to clock(s) i_clk
Related violations: <none>

TIMING-18#35 Warning
Missing input or output delay  
An input delay is missing on i_data[40] relative to clock(s) i_clk
Related violations: <none>

TIMING-18#36 Warning
Missing input or output delay  
An input delay is missing on i_data[41] relative to clock(s) i_clk
Related violations: <none>

TIMING-18#37 Warning
Missing input or output delay  
An input delay is missing on i_data[42] relative to clock(s) i_clk
Related violations: <none>

TIMING-18#38 Warning
Missing input or output delay  
An input delay is missing on i_data[43] relative to clock(s) i_clk
Related violations: <none>

TIMING-18#39 Warning
Missing input or output delay  
An input delay is missing on i_data[44] relative to clock(s) i_clk
Related violations: <none>

TIMING-18#40 Warning
Missing input or output delay  
An input delay is missing on i_data[45] relative to clock(s) i_clk
Related violations: <none>

TIMING-18#41 Warning
Missing input or output delay  
An input delay is missing on i_data[46] relative to clock(s) i_clk
Related violations: <none>

TIMING-18#42 Warning
Missing input or output delay  
An input delay is missing on i_data[47] relative to clock(s) i_clk
Related violations: <none>

TIMING-18#43 Warning
Missing input or output delay  
An input delay is missing on i_data[48] relative to clock(s) i_clk
Related violations: <none>

TIMING-18#44 Warning
Missing input or output delay  
An input delay is missing on i_data[49] relative to clock(s) i_clk
Related violations: <none>

TIMING-18#45 Warning
Missing input or output delay  
An input delay is missing on i_data[4] relative to clock(s) i_clk
Related violations: <none>

TIMING-18#46 Warning
Missing input or output delay  
An input delay is missing on i_data[50] relative to clock(s) i_clk
Related violations: <none>

TIMING-18#47 Warning
Missing input or output delay  
An input delay is missing on i_data[51] relative to clock(s) i_clk
Related violations: <none>

TIMING-18#48 Warning
Missing input or output delay  
An input delay is missing on i_data[52] relative to clock(s) i_clk
Related violations: <none>

TIMING-18#49 Warning
Missing input or output delay  
An input delay is missing on i_data[53] relative to clock(s) i_clk
Related violations: <none>

TIMING-18#50 Warning
Missing input or output delay  
An input delay is missing on i_data[54] relative to clock(s) i_clk
Related violations: <none>

TIMING-18#51 Warning
Missing input or output delay  
An input delay is missing on i_data[55] relative to clock(s) i_clk
Related violations: <none>

TIMING-18#52 Warning
Missing input or output delay  
An input delay is missing on i_data[56] relative to clock(s) i_clk
Related violations: <none>

TIMING-18#53 Warning
Missing input or output delay  
An input delay is missing on i_data[57] relative to clock(s) i_clk
Related violations: <none>

TIMING-18#54 Warning
Missing input or output delay  
An input delay is missing on i_data[58] relative to clock(s) i_clk
Related violations: <none>

TIMING-18#55 Warning
Missing input or output delay  
An input delay is missing on i_data[59] relative to clock(s) i_clk
Related violations: <none>

TIMING-18#56 Warning
Missing input or output delay  
An input delay is missing on i_data[5] relative to clock(s) i_clk
Related violations: <none>

TIMING-18#57 Warning
Missing input or output delay  
An input delay is missing on i_data[60] relative to clock(s) i_clk
Related violations: <none>

TIMING-18#58 Warning
Missing input or output delay  
An input delay is missing on i_data[61] relative to clock(s) i_clk
Related violations: <none>

TIMING-18#59 Warning
Missing input or output delay  
An input delay is missing on i_data[62] relative to clock(s) i_clk
Related violations: <none>

TIMING-18#60 Warning
Missing input or output delay  
An input delay is missing on i_data[63] relative to clock(s) i_clk
Related violations: <none>

TIMING-18#61 Warning
Missing input or output delay  
An input delay is missing on i_data[6] relative to clock(s) i_clk
Related violations: <none>

TIMING-18#62 Warning
Missing input or output delay  
An input delay is missing on i_data[7] relative to clock(s) i_clk
Related violations: <none>

TIMING-18#63 Warning
Missing input or output delay  
An input delay is missing on i_data[8] relative to clock(s) i_clk
Related violations: <none>

TIMING-18#64 Warning
Missing input or output delay  
An input delay is missing on i_data[9] relative to clock(s) i_clk
Related violations: <none>

TIMING-18#65 Warning
Missing input or output delay  
An input delay is missing on i_deq relative to clock(s) i_clk
Related violations: <none>

TIMING-18#66 Warning
Missing input or output delay  
An input delay is missing on i_enq relative to clock(s) i_clk
Related violations: <none>

TIMING-18#67 Warning
Missing input or output delay  
An output delay is missing on o_data[0] relative to clock(s) i_clk
Related violations: <none>

TIMING-18#68 Warning
Missing input or output delay  
An output delay is missing on o_data[100] relative to clock(s) i_clk
Related violations: <none>

TIMING-18#69 Warning
Missing input or output delay  
An output delay is missing on o_data[101] relative to clock(s) i_clk
Related violations: <none>

TIMING-18#70 Warning
Missing input or output delay  
An output delay is missing on o_data[102] relative to clock(s) i_clk
Related violations: <none>

TIMING-18#71 Warning
Missing input or output delay  
An output delay is missing on o_data[103] relative to clock(s) i_clk
Related violations: <none>

TIMING-18#72 Warning
Missing input or output delay  
An output delay is missing on o_data[104] relative to clock(s) i_clk
Related violations: <none>

TIMING-18#73 Warning
Missing input or output delay  
An output delay is missing on o_data[105] relative to clock(s) i_clk
Related violations: <none>

TIMING-18#74 Warning
Missing input or output delay  
An output delay is missing on o_data[106] relative to clock(s) i_clk
Related violations: <none>

TIMING-18#75 Warning
Missing input or output delay  
An output delay is missing on o_data[107] relative to clock(s) i_clk
Related violations: <none>

TIMING-18#76 Warning
Missing input or output delay  
An output delay is missing on o_data[108] relative to clock(s) i_clk
Related violations: <none>

TIMING-18#77 Warning
Missing input or output delay  
An output delay is missing on o_data[109] relative to clock(s) i_clk
Related violations: <none>

TIMING-18#78 Warning
Missing input or output delay  
An output delay is missing on o_data[10] relative to clock(s) i_clk
Related violations: <none>

TIMING-18#79 Warning
Missing input or output delay  
An output delay is missing on o_data[110] relative to clock(s) i_clk
Related violations: <none>

TIMING-18#80 Warning
Missing input or output delay  
An output delay is missing on o_data[111] relative to clock(s) i_clk
Related violations: <none>

TIMING-18#81 Warning
Missing input or output delay  
An output delay is missing on o_data[112] relative to clock(s) i_clk
Related violations: <none>

TIMING-18#82 Warning
Missing input or output delay  
An output delay is missing on o_data[113] relative to clock(s) i_clk
Related violations: <none>

TIMING-18#83 Warning
Missing input or output delay  
An output delay is missing on o_data[114] relative to clock(s) i_clk
Related violations: <none>

TIMING-18#84 Warning
Missing input or output delay  
An output delay is missing on o_data[115] relative to clock(s) i_clk
Related violations: <none>

TIMING-18#85 Warning
Missing input or output delay  
An output delay is missing on o_data[116] relative to clock(s) i_clk
Related violations: <none>

TIMING-18#86 Warning
Missing input or output delay  
An output delay is missing on o_data[117] relative to clock(s) i_clk
Related violations: <none>

TIMING-18#87 Warning
Missing input or output delay  
An output delay is missing on o_data[118] relative to clock(s) i_clk
Related violations: <none>

TIMING-18#88 Warning
Missing input or output delay  
An output delay is missing on o_data[119] relative to clock(s) i_clk
Related violations: <none>

TIMING-18#89 Warning
Missing input or output delay  
An output delay is missing on o_data[11] relative to clock(s) i_clk
Related violations: <none>

TIMING-18#90 Warning
Missing input or output delay  
An output delay is missing on o_data[120] relative to clock(s) i_clk
Related violations: <none>

TIMING-18#91 Warning
Missing input or output delay  
An output delay is missing on o_data[121] relative to clock(s) i_clk
Related violations: <none>

TIMING-18#92 Warning
Missing input or output delay  
An output delay is missing on o_data[122] relative to clock(s) i_clk
Related violations: <none>

TIMING-18#93 Warning
Missing input or output delay  
An output delay is missing on o_data[123] relative to clock(s) i_clk
Related violations: <none>

TIMING-18#94 Warning
Missing input or output delay  
An output delay is missing on o_data[124] relative to clock(s) i_clk
Related violations: <none>

TIMING-18#95 Warning
Missing input or output delay  
An output delay is missing on o_data[125] relative to clock(s) i_clk
Related violations: <none>

TIMING-18#96 Warning
Missing input or output delay  
An output delay is missing on o_data[126] relative to clock(s) i_clk
Related violations: <none>

TIMING-18#97 Warning
Missing input or output delay  
An output delay is missing on o_data[127] relative to clock(s) i_clk
Related violations: <none>

TIMING-18#98 Warning
Missing input or output delay  
An output delay is missing on o_data[12] relative to clock(s) i_clk
Related violations: <none>

TIMING-18#99 Warning
Missing input or output delay  
An output delay is missing on o_data[13] relative to clock(s) i_clk
Related violations: <none>

TIMING-18#100 Warning
Missing input or output delay  
An output delay is missing on o_data[14] relative to clock(s) i_clk
Related violations: <none>

TIMING-18#101 Warning
Missing input or output delay  
An output delay is missing on o_data[15] relative to clock(s) i_clk
Related violations: <none>

TIMING-18#102 Warning
Missing input or output delay  
An output delay is missing on o_data[16] relative to clock(s) i_clk
Related violations: <none>

TIMING-18#103 Warning
Missing input or output delay  
An output delay is missing on o_data[17] relative to clock(s) i_clk
Related violations: <none>

TIMING-18#104 Warning
Missing input or output delay  
An output delay is missing on o_data[18] relative to clock(s) i_clk
Related violations: <none>

TIMING-18#105 Warning
Missing input or output delay  
An output delay is missing on o_data[19] relative to clock(s) i_clk
Related violations: <none>

TIMING-18#106 Warning
Missing input or output delay  
An output delay is missing on o_data[1] relative to clock(s) i_clk
Related violations: <none>

TIMING-18#107 Warning
Missing input or output delay  
An output delay is missing on o_data[20] relative to clock(s) i_clk
Related violations: <none>

TIMING-18#108 Warning
Missing input or output delay  
An output delay is missing on o_data[21] relative to clock(s) i_clk
Related violations: <none>

TIMING-18#109 Warning
Missing input or output delay  
An output delay is missing on o_data[22] relative to clock(s) i_clk
Related violations: <none>

TIMING-18#110 Warning
Missing input or output delay  
An output delay is missing on o_data[23] relative to clock(s) i_clk
Related violations: <none>

TIMING-18#111 Warning
Missing input or output delay  
An output delay is missing on o_data[24] relative to clock(s) i_clk
Related violations: <none>

TIMING-18#112 Warning
Missing input or output delay  
An output delay is missing on o_data[25] relative to clock(s) i_clk
Related violations: <none>

TIMING-18#113 Warning
Missing input or output delay  
An output delay is missing on o_data[26] relative to clock(s) i_clk
Related violations: <none>

TIMING-18#114 Warning
Missing input or output delay  
An output delay is missing on o_data[27] relative to clock(s) i_clk
Related violations: <none>

TIMING-18#115 Warning
Missing input or output delay  
An output delay is missing on o_data[28] relative to clock(s) i_clk
Related violations: <none>

TIMING-18#116 Warning
Missing input or output delay  
An output delay is missing on o_data[29] relative to clock(s) i_clk
Related violations: <none>

TIMING-18#117 Warning
Missing input or output delay  
An output delay is missing on o_data[2] relative to clock(s) i_clk
Related violations: <none>

TIMING-18#118 Warning
Missing input or output delay  
An output delay is missing on o_data[30] relative to clock(s) i_clk
Related violations: <none>

TIMING-18#119 Warning
Missing input or output delay  
An output delay is missing on o_data[31] relative to clock(s) i_clk
Related violations: <none>

TIMING-18#120 Warning
Missing input or output delay  
An output delay is missing on o_data[32] relative to clock(s) i_clk
Related violations: <none>

TIMING-18#121 Warning
Missing input or output delay  
An output delay is missing on o_data[33] relative to clock(s) i_clk
Related violations: <none>

TIMING-18#122 Warning
Missing input or output delay  
An output delay is missing on o_data[34] relative to clock(s) i_clk
Related violations: <none>

TIMING-18#123 Warning
Missing input or output delay  
An output delay is missing on o_data[35] relative to clock(s) i_clk
Related violations: <none>

TIMING-18#124 Warning
Missing input or output delay  
An output delay is missing on o_data[36] relative to clock(s) i_clk
Related violations: <none>

TIMING-18#125 Warning
Missing input or output delay  
An output delay is missing on o_data[37] relative to clock(s) i_clk
Related violations: <none>

TIMING-18#126 Warning
Missing input or output delay  
An output delay is missing on o_data[38] relative to clock(s) i_clk
Related violations: <none>

TIMING-18#127 Warning
Missing input or output delay  
An output delay is missing on o_data[39] relative to clock(s) i_clk
Related violations: <none>

TIMING-18#128 Warning
Missing input or output delay  
An output delay is missing on o_data[3] relative to clock(s) i_clk
Related violations: <none>

TIMING-18#129 Warning
Missing input or output delay  
An output delay is missing on o_data[40] relative to clock(s) i_clk
Related violations: <none>

TIMING-18#130 Warning
Missing input or output delay  
An output delay is missing on o_data[41] relative to clock(s) i_clk
Related violations: <none>

TIMING-18#131 Warning
Missing input or output delay  
An output delay is missing on o_data[42] relative to clock(s) i_clk
Related violations: <none>

TIMING-18#132 Warning
Missing input or output delay  
An output delay is missing on o_data[43] relative to clock(s) i_clk
Related violations: <none>

TIMING-18#133 Warning
Missing input or output delay  
An output delay is missing on o_data[44] relative to clock(s) i_clk
Related violations: <none>

TIMING-18#134 Warning
Missing input or output delay  
An output delay is missing on o_data[45] relative to clock(s) i_clk
Related violations: <none>

TIMING-18#135 Warning
Missing input or output delay  
An output delay is missing on o_data[46] relative to clock(s) i_clk
Related violations: <none>

TIMING-18#136 Warning
Missing input or output delay  
An output delay is missing on o_data[47] relative to clock(s) i_clk
Related violations: <none>

TIMING-18#137 Warning
Missing input or output delay  
An output delay is missing on o_data[48] relative to clock(s) i_clk
Related violations: <none>

TIMING-18#138 Warning
Missing input or output delay  
An output delay is missing on o_data[49] relative to clock(s) i_clk
Related violations: <none>

TIMING-18#139 Warning
Missing input or output delay  
An output delay is missing on o_data[4] relative to clock(s) i_clk
Related violations: <none>

TIMING-18#140 Warning
Missing input or output delay  
An output delay is missing on o_data[50] relative to clock(s) i_clk
Related violations: <none>

TIMING-18#141 Warning
Missing input or output delay  
An output delay is missing on o_data[51] relative to clock(s) i_clk
Related violations: <none>

TIMING-18#142 Warning
Missing input or output delay  
An output delay is missing on o_data[52] relative to clock(s) i_clk
Related violations: <none>

TIMING-18#143 Warning
Missing input or output delay  
An output delay is missing on o_data[53] relative to clock(s) i_clk
Related violations: <none>

TIMING-18#144 Warning
Missing input or output delay  
An output delay is missing on o_data[54] relative to clock(s) i_clk
Related violations: <none>

TIMING-18#145 Warning
Missing input or output delay  
An output delay is missing on o_data[55] relative to clock(s) i_clk
Related violations: <none>

TIMING-18#146 Warning
Missing input or output delay  
An output delay is missing on o_data[56] relative to clock(s) i_clk
Related violations: <none>

TIMING-18#147 Warning
Missing input or output delay  
An output delay is missing on o_data[57] relative to clock(s) i_clk
Related violations: <none>

TIMING-18#148 Warning
Missing input or output delay  
An output delay is missing on o_data[58] relative to clock(s) i_clk
Related violations: <none>

TIMING-18#149 Warning
Missing input or output delay  
An output delay is missing on o_data[59] relative to clock(s) i_clk
Related violations: <none>

TIMING-18#150 Warning
Missing input or output delay  
An output delay is missing on o_data[5] relative to clock(s) i_clk
Related violations: <none>

TIMING-18#151 Warning
Missing input or output delay  
An output delay is missing on o_data[60] relative to clock(s) i_clk
Related violations: <none>

TIMING-18#152 Warning
Missing input or output delay  
An output delay is missing on o_data[61] relative to clock(s) i_clk
Related violations: <none>

TIMING-18#153 Warning
Missing input or output delay  
An output delay is missing on o_data[62] relative to clock(s) i_clk
Related violations: <none>

TIMING-18#154 Warning
Missing input or output delay  
An output delay is missing on o_data[63] relative to clock(s) i_clk
Related violations: <none>

TIMING-18#155 Warning
Missing input or output delay  
An output delay is missing on o_data[64] relative to clock(s) i_clk
Related violations: <none>

TIMING-18#156 Warning
Missing input or output delay  
An output delay is missing on o_data[65] relative to clock(s) i_clk
Related violations: <none>

TIMING-18#157 Warning
Missing input or output delay  
An output delay is missing on o_data[66] relative to clock(s) i_clk
Related violations: <none>

TIMING-18#158 Warning
Missing input or output delay  
An output delay is missing on o_data[67] relative to clock(s) i_clk
Related violations: <none>

TIMING-18#159 Warning
Missing input or output delay  
An output delay is missing on o_data[68] relative to clock(s) i_clk
Related violations: <none>

TIMING-18#160 Warning
Missing input or output delay  
An output delay is missing on o_data[69] relative to clock(s) i_clk
Related violations: <none>

TIMING-18#161 Warning
Missing input or output delay  
An output delay is missing on o_data[6] relative to clock(s) i_clk
Related violations: <none>

TIMING-18#162 Warning
Missing input or output delay  
An output delay is missing on o_data[70] relative to clock(s) i_clk
Related violations: <none>

TIMING-18#163 Warning
Missing input or output delay  
An output delay is missing on o_data[71] relative to clock(s) i_clk
Related violations: <none>

TIMING-18#164 Warning
Missing input or output delay  
An output delay is missing on o_data[72] relative to clock(s) i_clk
Related violations: <none>

TIMING-18#165 Warning
Missing input or output delay  
An output delay is missing on o_data[73] relative to clock(s) i_clk
Related violations: <none>

TIMING-18#166 Warning
Missing input or output delay  
An output delay is missing on o_data[74] relative to clock(s) i_clk
Related violations: <none>

TIMING-18#167 Warning
Missing input or output delay  
An output delay is missing on o_data[75] relative to clock(s) i_clk
Related violations: <none>

TIMING-18#168 Warning
Missing input or output delay  
An output delay is missing on o_data[76] relative to clock(s) i_clk
Related violations: <none>

TIMING-18#169 Warning
Missing input or output delay  
An output delay is missing on o_data[77] relative to clock(s) i_clk
Related violations: <none>

TIMING-18#170 Warning
Missing input or output delay  
An output delay is missing on o_data[78] relative to clock(s) i_clk
Related violations: <none>

TIMING-18#171 Warning
Missing input or output delay  
An output delay is missing on o_data[79] relative to clock(s) i_clk
Related violations: <none>

TIMING-18#172 Warning
Missing input or output delay  
An output delay is missing on o_data[7] relative to clock(s) i_clk
Related violations: <none>

TIMING-18#173 Warning
Missing input or output delay  
An output delay is missing on o_data[80] relative to clock(s) i_clk
Related violations: <none>

TIMING-18#174 Warning
Missing input or output delay  
An output delay is missing on o_data[81] relative to clock(s) i_clk
Related violations: <none>

TIMING-18#175 Warning
Missing input or output delay  
An output delay is missing on o_data[82] relative to clock(s) i_clk
Related violations: <none>

TIMING-18#176 Warning
Missing input or output delay  
An output delay is missing on o_data[83] relative to clock(s) i_clk
Related violations: <none>

TIMING-18#177 Warning
Missing input or output delay  
An output delay is missing on o_data[84] relative to clock(s) i_clk
Related violations: <none>

TIMING-18#178 Warning
Missing input or output delay  
An output delay is missing on o_data[85] relative to clock(s) i_clk
Related violations: <none>

TIMING-18#179 Warning
Missing input or output delay  
An output delay is missing on o_data[86] relative to clock(s) i_clk
Related violations: <none>

TIMING-18#180 Warning
Missing input or output delay  
An output delay is missing on o_data[87] relative to clock(s) i_clk
Related violations: <none>

TIMING-18#181 Warning
Missing input or output delay  
An output delay is missing on o_data[88] relative to clock(s) i_clk
Related violations: <none>

TIMING-18#182 Warning
Missing input or output delay  
An output delay is missing on o_data[89] relative to clock(s) i_clk
Related violations: <none>

TIMING-18#183 Warning
Missing input or output delay  
An output delay is missing on o_data[8] relative to clock(s) i_clk
Related violations: <none>

TIMING-18#184 Warning
Missing input or output delay  
An output delay is missing on o_data[90] relative to clock(s) i_clk
Related violations: <none>

TIMING-18#185 Warning
Missing input or output delay  
An output delay is missing on o_data[91] relative to clock(s) i_clk
Related violations: <none>

TIMING-18#186 Warning
Missing input or output delay  
An output delay is missing on o_data[92] relative to clock(s) i_clk
Related violations: <none>

TIMING-18#187 Warning
Missing input or output delay  
An output delay is missing on o_data[93] relative to clock(s) i_clk
Related violations: <none>

TIMING-18#188 Warning
Missing input or output delay  
An output delay is missing on o_data[94] relative to clock(s) i_clk
Related violations: <none>

TIMING-18#189 Warning
Missing input or output delay  
An output delay is missing on o_data[95] relative to clock(s) i_clk
Related violations: <none>

TIMING-18#190 Warning
Missing input or output delay  
An output delay is missing on o_data[96] relative to clock(s) i_clk
Related violations: <none>

TIMING-18#191 Warning
Missing input or output delay  
An output delay is missing on o_data[97] relative to clock(s) i_clk
Related violations: <none>

TIMING-18#192 Warning
Missing input or output delay  
An output delay is missing on o_data[98] relative to clock(s) i_clk
Related violations: <none>

TIMING-18#193 Warning
Missing input or output delay  
An output delay is missing on o_data[99] relative to clock(s) i_clk
Related violations: <none>

TIMING-18#194 Warning
Missing input or output delay  
An output delay is missing on o_data[9] relative to clock(s) i_clk
Related violations: <none>

TIMING-18#195 Warning
Missing input or output delay  
An output delay is missing on o_empty relative to clock(s) i_clk
Related violations: <none>

TIMING-18#196 Warning
Missing input or output delay  
An output delay is missing on o_full relative to clock(s) i_clk
Related violations: <none>


